2020-10-02 00:06:41,369 INFO c.n.n.NbdApiApplication [restartedMain] Starting NbdApiApplication on DESKTOP-69MST1A with PID 11380 (C:\Users\acer\IdeaProjects\nbd-api\target\classes started by acer in C:\Users\acer\IdeaProjects\nbd-api)
2020-10-02 00:06:41,370 DEBUG c.n.n.NbdApiApplication [restartedMain] Running with Spring Boot v2.3.4.RELEASE, Spring v5.2.9.RELEASE
2020-10-02 00:06:41,370 INFO c.n.n.NbdApiApplication [restartedMain] The following profiles are active: local
2020-10-02 00:06:43,165 INFO c.n.n.NbdApiApplication [restartedMain] Started NbdApiApplication in 1.883 seconds (JVM running for 4293.447)
2020-10-02 00:06:48,233 INFO c.n.n.NbdApiApplication [restartedMain] Starting NbdApiApplication on DESKTOP-69MST1A with PID 11380 (C:\Users\acer\IdeaProjects\nbd-api\target\classes started by acer in C:\Users\acer\IdeaProjects\nbd-api)
2020-10-02 00:06:48,233 DEBUG c.n.n.NbdApiApplication [restartedMain] Running with Spring Boot v2.3.4.RELEASE, Spring v5.2.9.RELEASE
2020-10-02 00:06:48,233 INFO c.n.n.NbdApiApplication [restartedMain] The following profiles are active: local
2020-10-02 00:06:49,448 INFO c.n.n.NbdApiApplication [restartedMain] Started NbdApiApplication in 1.268 seconds (JVM running for 4299.731)
2020-10-02 00:40:51,934 INFO c.n.n.NbdApiApplication [restartedMain] Starting NbdApiApplication on DESKTOP-69MST1A with PID 11964 (C:\Users\acer\IdeaProjects\nbd-api\target\classes started by acer in C:\Users\acer\IdeaProjects\nbd-api)
2020-10-02 00:40:51,935 DEBUG c.n.n.NbdApiApplication [restartedMain] Running with Spring Boot v2.3.4.RELEASE, Spring v5.2.9.RELEASE
2020-10-02 00:40:51,935 INFO c.n.n.NbdApiApplication [restartedMain] The following profiles are active: local
2020-10-02 00:40:56,644 INFO c.n.n.NbdApiApplication [restartedMain] Started NbdApiApplication in 5.377 seconds (JVM running for 6.923)
2020-10-02 11:17:42,024 INFO c.n.n.NbdApiApplication [restartedMain] Starting NbdApiApplication on DESKTOP-69MST1A with PID 1524 (C:\Users\acer\IdeaProjects\nbd-api\target\classes started by acer in C:\Users\acer\IdeaProjects\nbd-api)
2020-10-02 11:17:42,025 DEBUG c.n.n.NbdApiApplication [restartedMain] Running with Spring Boot v2.3.4.RELEASE, Spring v5.2.9.RELEASE
2020-10-02 11:17:42,025 INFO c.n.n.NbdApiApplication [restartedMain] The following profiles are active: local
2020-10-02 11:17:46,525 INFO c.n.n.NbdApiApplication [restartedMain] Started NbdApiApplication in 5.052 seconds (JVM running for 6.664)
2020-10-02 11:19:14,941 DEBUG c.n.n.f.JWTFilter [http-nio-8080-exec-2] path : /api/v1/authenticate, method: POST
2020-10-02 11:19:15,610 DEBUG c.n.n.d.i.UserInfoDAOImpl [http-nio-8080-exec-2] JDBC execute query : SELECT id, password FROM user_info WHERE id = ?
2020-10-02 11:21:04,410 INFO c.n.n.NbdApiApplication [restartedMain] Starting NbdApiApplication on DESKTOP-69MST1A with PID 11380 (C:\Users\acer\IdeaProjects\nbd-api\target\classes started by acer in C:\Users\acer\IdeaProjects\nbd-api)
2020-10-02 11:21:04,411 DEBUG c.n.n.NbdApiApplication [restartedMain] Running with Spring Boot v2.3.4.RELEASE, Spring v5.2.9.RELEASE
2020-10-02 11:21:04,411 INFO c.n.n.NbdApiApplication [restartedMain] The following profiles are active: local
2020-10-02 11:21:08,529 INFO c.n.n.NbdApiApplication [restartedMain] Started NbdApiApplication in 4.687 seconds (JVM running for 6.243)
2020-10-02 11:21:11,217 DEBUG c.n.n.f.JWTFilter [http-nio-8080-exec-2] path : /api/v1/authenticate, method: POST
2020-10-02 11:21:11,912 DEBUG c.n.n.d.i.UserInfoDAOImpl [http-nio-8080-exec-2] JDBC execute query : SELECT id, password FROM user_info WHERE id = ?
2020-10-02 11:21:12,099 DEBUG c.n.n.d.i.UserInfoDAOImpl [http-nio-8080-exec-2] Username: administrator
2020-10-02 11:21:59,489 INFO c.n.n.NbdApiApplication [restartedMain] Starting NbdApiApplication on DESKTOP-69MST1A with PID 12152 (C:\Users\acer\IdeaProjects\nbd-api\target\classes started by acer in C:\Users\acer\IdeaProjects\nbd-api)
2020-10-02 11:21:59,489 DEBUG c.n.n.NbdApiApplication [restartedMain] Running with Spring Boot v2.3.4.RELEASE, Spring v5.2.9.RELEASE
2020-10-02 11:21:59,490 INFO c.n.n.NbdApiApplication [restartedMain] The following profiles are active: local
2020-10-02 11:22:03,203 INFO c.n.n.NbdApiApplication [restartedMain] Started NbdApiApplication in 4.321 seconds (JVM running for 5.551)
2020-10-02 11:22:05,637 DEBUG c.n.n.f.JWTFilter [http-nio-8080-exec-2] path : /api/v1/authenticate, method: POST
2020-10-02 11:22:06,117 DEBUG c.n.n.d.i.UserInfoDAOImpl [http-nio-8080-exec-2] JDBC execute query : SELECT id, password FROM user_info WHERE id = ?
2020-10-02 11:22:06,286 DEBUG c.n.n.d.i.UserInfoDAOImpl [http-nio-8080-exec-2] Username: administrator
2020-10-02 11:22:50,651 INFO c.n.n.NbdApiApplication [restartedMain] Starting NbdApiApplication on DESKTOP-69MST1A with PID 11736 (C:\Users\acer\IdeaProjects\nbd-api\target\classes started by acer in C:\Users\acer\IdeaProjects\nbd-api)
2020-10-02 11:22:50,652 DEBUG c.n.n.NbdApiApplication [restartedMain] Running with Spring Boot v2.3.4.RELEASE, Spring v5.2.9.RELEASE
2020-10-02 11:22:50,652 INFO c.n.n.NbdApiApplication [restartedMain] The following profiles are active: local
2020-10-02 11:22:54,849 INFO c.n.n.NbdApiApplication [restartedMain] Started NbdApiApplication in 4.717 seconds (JVM running for 5.96)
2020-10-02 11:22:57,357 DEBUG c.n.n.f.JWTFilter [http-nio-8080-exec-2] path : /api/v1/authenticate, method: POST
2020-10-02 11:22:57,635 DEBUG c.n.n.d.i.UserInfoDAOImpl [http-nio-8080-exec-2] JDBC execute query : SELECT id, password FROM user_info WHERE id = ?
2020-10-02 11:22:57,838 DEBUG c.n.n.d.i.UserInfoDAOImpl [http-nio-8080-exec-2] Username: administrator
2020-10-02 11:25:09,243 INFO c.n.n.NbdApiApplication [restartedMain] Starting NbdApiApplication on DESKTOP-69MST1A with PID 12904 (C:\Users\acer\IdeaProjects\nbd-api\target\classes started by acer in C:\Users\acer\IdeaProjects\nbd-api)
2020-10-02 11:25:09,244 DEBUG c.n.n.NbdApiApplication [restartedMain] Running with Spring Boot v2.3.4.RELEASE, Spring v5.2.9.RELEASE
2020-10-02 11:25:09,244 INFO c.n.n.NbdApiApplication [restartedMain] The following profiles are active: local
2020-10-02 11:25:13,158 INFO c.n.n.NbdApiApplication [restartedMain] Started NbdApiApplication in 4.386 seconds (JVM running for 5.648)
2020-10-02 11:27:36,971 DEBUG c.n.n.f.JWTFilter [http-nio-8080-exec-1] path : /api/v1/authenticate, method: POST
2020-10-02 11:27:37,491 DEBUG c.n.n.d.i.UserInfoDAOImpl [http-nio-8080-exec-1] JDBC execute query : SELECT id, password FROM user_info WHERE id = ?
2020-10-02 11:27:37,693 DEBUG c.n.n.d.i.UserInfoDAOImpl [http-nio-8080-exec-1] Username: administrator
2020-10-02 11:50:09,095 INFO c.n.n.NbdApiApplication [restartedMain] Starting NbdApiApplication on DESKTOP-69MST1A with PID 13680 (C:\Users\acer\IdeaProjects\nbd-api\target\classes started by acer in C:\Users\acer\IdeaProjects\nbd-api)
2020-10-02 11:50:09,095 DEBUG c.n.n.NbdApiApplication [restartedMain] Running with Spring Boot v2.3.4.RELEASE, Spring v5.2.9.RELEASE
2020-10-02 11:50:09,096 INFO c.n.n.NbdApiApplication [restartedMain] The following profiles are active: local
2020-10-02 13:38:11,031 INFO c.n.n.NbdApiApplication [restartedMain] Starting NbdApiApplication on DESKTOP-69MST1A with PID 13984 (C:\Users\acer\IdeaProjects\nbd-api\target\classes started by acer in C:\Users\acer\IdeaProjects\nbd-api)
2020-10-02 13:38:11,033 DEBUG c.n.n.NbdApiApplication [restartedMain] Running with Spring Boot v2.3.4.RELEASE, Spring v5.2.9.RELEASE
2020-10-02 13:38:11,033 INFO c.n.n.NbdApiApplication [restartedMain] The following profiles are active: local
2020-10-02 13:38:15,960 INFO c.n.n.NbdApiApplication [restartedMain] Started NbdApiApplication in 5.816 seconds (JVM running for 7.732)
2020-10-02 13:39:21,297 DEBUG c.n.n.f.JWTFilter [http-nio-8080-exec-4] path : /favicon.ico, method: GET
2020-10-02 13:39:21,313 DEBUG c.n.n.f.JWTFilter [http-nio-8080-exec-4] path : /error, method: GET
2020-10-02 13:40:03,729 DEBUG c.n.n.f.JWTFilter [http-nio-8080-exec-8] path : /api/v1/mail-config/get-list-mail-config-pagination, method: POST
2020-10-02 13:40:03,730 DEBUG c.n.n.f.JWTFilter [http-nio-8080-exec-8] path : /error, method: POST
2020-10-02 13:43:01,493 DEBUG c.n.n.f.JWTFilter [http-nio-8080-exec-10] path : /api/v1/mail-config/get-list-mail-config-pagination, method: POST
2020-10-02 13:43:01,597 DEBUG c.n.n.f.TokenProvider [http-nio-8080-exec-10] username: administrator
2020-10-02 13:43:01,671 DEBUG c.n.n.f.JWTFilter [http-nio-8080-exec-10] path : /error, method: POST
2020-10-02 13:43:01,674 DEBUG c.n.n.f.TokenProvider [http-nio-8080-exec-10] username: administrator
2020-10-02 13:43:11,829 DEBUG c.n.n.f.JWTFilter [http-nio-8080-exec-2] path : /api/v1/mail-config/get-list-mail-config-pagination, method: POST
2020-10-02 13:43:11,839 DEBUG c.n.n.f.TokenProvider [http-nio-8080-exec-2] username: administrator
2020-10-02 13:43:11,844 DEBUG c.n.n.f.JWTFilter [http-nio-8080-exec-2] path : /error, method: POST
2020-10-02 13:43:11,857 DEBUG c.n.n.f.TokenProvider [http-nio-8080-exec-2] username: administrator
2020-10-02 13:44:19,686 INFO c.n.n.NbdApiApplication [restartedMain] Starting NbdApiApplication on DESKTOP-69MST1A with PID 11472 (C:\Users\acer\IdeaProjects\nbd-api\target\classes started by acer in C:\Users\acer\IdeaProjects\nbd-api)
2020-10-02 13:44:19,687 DEBUG c.n.n.NbdApiApplication [restartedMain] Running with Spring Boot v2.3.4.RELEASE, Spring v5.2.9.RELEASE
2020-10-02 13:44:19,687 INFO c.n.n.NbdApiApplication [restartedMain] The following profiles are active: local
2020-10-02 13:44:24,327 INFO c.n.n.NbdApiApplication [restartedMain] Started NbdApiApplication in 5.462 seconds (JVM running for 6.825)
2020-10-02 13:44:27,876 DEBUG c.n.n.f.JWTFilter [http-nio-8080-exec-1] path : /api/v1/mail-config/get-list-mail-config-pagination, method: POST
2020-10-02 13:44:27,943 DEBUG c.n.n.f.TokenProvider [http-nio-8080-exec-1] username: administrator
2020-10-02 13:44:28,046 DEBUG c.n.n.f.JWTFilter [http-nio-8080-exec-1] path : /error, method: POST
2020-10-02 13:44:28,051 DEBUG c.n.n.f.TokenProvider [http-nio-8080-exec-1] username: administrator
2020-10-02 13:45:06,672 INFO c.n.n.NbdApiApplication [restartedMain] Starting NbdApiApplication on DESKTOP-69MST1A with PID 4208 (C:\Users\acer\IdeaProjects\nbd-api\target\classes started by acer in C:\Users\acer\IdeaProjects\nbd-api)
2020-10-02 13:45:06,673 DEBUG c.n.n.NbdApiApplication [restartedMain] Running with Spring Boot v2.3.4.RELEASE, Spring v5.2.9.RELEASE
2020-10-02 13:45:06,673 INFO c.n.n.NbdApiApplication [restartedMain] The following profiles are active: local
2020-10-02 13:45:10,995 INFO c.n.n.NbdApiApplication [restartedMain] Started NbdApiApplication in 5.042 seconds (JVM running for 6.433)
2020-10-02 13:45:40,717 DEBUG c.n.n.f.JWTFilter [http-nio-8080-exec-2] path : /api/v1/mail-config/get-list-mail-config-pagination, method: POST
2020-10-02 13:45:40,782 DEBUG c.n.n.f.TokenProvider [http-nio-8080-exec-2] username: administrator
2020-10-02 13:45:40,865 DEBUG c.n.n.f.JWTFilter [http-nio-8080-exec-2] path : /error, method: POST
2020-10-02 13:45:40,869 DEBUG c.n.n.f.TokenProvider [http-nio-8080-exec-2] username: administrator
2020-10-02 13:46:31,940 INFO c.n.n.NbdApiApplication [restartedMain] Starting NbdApiApplication on DESKTOP-69MST1A with PID 10580 (C:\Users\acer\IdeaProjects\nbd-api\target\classes started by acer in C:\Users\acer\IdeaProjects\nbd-api)
2020-10-02 13:46:31,941 DEBUG c.n.n.NbdApiApplication [restartedMain] Running with Spring Boot v2.3.4.RELEASE, Spring v5.2.9.RELEASE
2020-10-02 13:46:31,942 INFO c.n.n.NbdApiApplication [restartedMain] The following profiles are active: local
2020-10-02 13:46:36,252 INFO c.n.n.NbdApiApplication [restartedMain] Started NbdApiApplication in 5.041 seconds (JVM running for 6.314)
2020-10-02 13:46:41,389 DEBUG c.n.n.f.JWTFilter [http-nio-8080-exec-1] path : /api/v1/mail-config/get-list-mail-config-pagination, method: POST
2020-10-02 13:46:41,450 DEBUG c.n.n.f.TokenProvider [http-nio-8080-exec-1] username: administrator
2020-10-02 13:46:41,531 DEBUG c.n.n.f.JWTFilter [http-nio-8080-exec-1] path : /error, method: POST
2020-10-02 13:46:41,534 DEBUG c.n.n.f.TokenProvider [http-nio-8080-exec-1] username: administrator
2020-10-02 13:46:46,539 DEBUG c.n.n.f.JWTFilter [http-nio-8080-exec-3] path : /api/v1/mail-config/get-list-mail-config-pagination, method: POST
2020-10-02 13:46:46,542 DEBUG c.n.n.f.TokenProvider [http-nio-8080-exec-3] username: administrator
2020-10-02 13:46:46,545 DEBUG c.n.n.f.JWTFilter [http-nio-8080-exec-3] path : /error, method: POST
2020-10-02 13:46:46,548 DEBUG c.n.n.f.TokenProvider [http-nio-8080-exec-3] username: administrator
2020-10-02 13:47:13,624 DEBUG c.n.n.f.JWTFilter [http-nio-8080-exec-5] path : /api/v1/authenticate, method: POST
2020-10-02 13:47:14,179 DEBUG c.n.n.d.i.UserInfoDAOImpl [http-nio-8080-exec-5] JDBC execute query : SELECT id, password FROM user_info WHERE id = ?
2020-10-02 13:47:14,331 DEBUG c.n.n.d.i.UserInfoDAOImpl [http-nio-8080-exec-5] Username: administrator
2020-10-02 13:47:49,343 DEBUG c.n.n.f.JWTFilter [http-nio-8080-exec-6] path : /api/v1/mail-config/get-list-mail-config-pagination, method: POST
2020-10-02 13:47:49,346 DEBUG c.n.n.f.TokenProvider [http-nio-8080-exec-6] username: administrator
2020-10-02 13:47:49,348 DEBUG c.n.n.f.JWTFilter [http-nio-8080-exec-6] path : /error, method: POST
2020-10-02 13:47:49,351 DEBUG c.n.n.f.TokenProvider [http-nio-8080-exec-6] username: administrator
2020-10-02 13:49:32,131 INFO c.n.n.NbdApiApplication [restartedMain] Starting NbdApiApplication on DESKTOP-69MST1A with PID 6976 (C:\Users\acer\IdeaProjects\nbd-api\target\classes started by acer in C:\Users\acer\IdeaProjects\nbd-api)
2020-10-02 13:49:32,132 DEBUG c.n.n.NbdApiApplication [restartedMain] Running with Spring Boot v2.3.4.RELEASE, Spring v5.2.9.RELEASE
2020-10-02 13:49:32,132 INFO c.n.n.NbdApiApplication [restartedMain] The following profiles are active: local
2020-10-02 13:49:56,893 INFO c.n.n.NbdApiApplication [restartedMain] Starting NbdApiApplication on DESKTOP-69MST1A with PID 12280 (C:\Users\acer\IdeaProjects\nbd-api\target\classes started by acer in C:\Users\acer\IdeaProjects\nbd-api)
2020-10-02 13:49:56,894 DEBUG c.n.n.NbdApiApplication [restartedMain] Running with Spring Boot v2.3.4.RELEASE, Spring v5.2.9.RELEASE
2020-10-02 13:49:56,894 INFO c.n.n.NbdApiApplication [restartedMain] The following profiles are active: local
2020-10-02 13:50:58,787 INFO c.n.n.NbdApiApplication [restartedMain] Starting NbdApiApplication on DESKTOP-69MST1A with PID 14760 (C:\Users\acer\IdeaProjects\nbd-api\target\classes started by acer in C:\Users\acer\IdeaProjects\nbd-api)
2020-10-02 13:50:58,788 DEBUG c.n.n.NbdApiApplication [restartedMain] Running with Spring Boot v2.3.4.RELEASE, Spring v5.2.9.RELEASE
2020-10-02 13:50:58,788 INFO c.n.n.NbdApiApplication [restartedMain] The following profiles are active: local
2020-10-02 13:51:02,827 INFO c.n.n.NbdApiApplication [restartedMain] Started NbdApiApplication in 4.663 seconds (JVM running for 6.247)
2020-10-02 13:51:05,766 DEBUG c.n.n.f.JWTFilter [http-nio-8080-exec-1] path : /api/v1/mail-config/get-list-mail-config-pagination, method: POST
2020-10-02 13:51:05,826 DEBUG c.n.n.f.TokenProvider [http-nio-8080-exec-1] username: administrator
2020-10-02 13:51:05,841 DEBUG c.n.n.f.JWTFilter [http-nio-8080-exec-1] path : /error, method: POST
2020-10-02 13:51:05,843 DEBUG c.n.n.f.TokenProvider [http-nio-8080-exec-1] username: administrator
2020-10-02 13:51:52,750 INFO c.n.n.NbdApiApplication [restartedMain] Starting NbdApiApplication on DESKTOP-69MST1A with PID 1920 (C:\Users\acer\IdeaProjects\nbd-api\target\classes started by acer in C:\Users\acer\IdeaProjects\nbd-api)
2020-10-02 13:51:52,750 DEBUG c.n.n.NbdApiApplication [restartedMain] Running with Spring Boot v2.3.4.RELEASE, Spring v5.2.9.RELEASE
2020-10-02 13:51:52,750 INFO c.n.n.NbdApiApplication [restartedMain] The following profiles are active: local
2020-10-02 13:51:56,557 INFO c.n.n.NbdApiApplication [restartedMain] Started NbdApiApplication in 4.4 seconds (JVM running for 5.68)
2020-10-02 13:51:59,734 DEBUG c.n.n.f.JWTFilter [http-nio-8080-exec-1] path : /api/v1/mail-config/get-list-mail-config-pagination, method: POST
2020-10-02 13:51:59,795 DEBUG c.n.n.f.TokenProvider [http-nio-8080-exec-1] username: administrator
2020-10-02 13:51:59,963 DEBUG c.n.n.d.i.PaginationDAOImpl [http-nio-8080-exec-1] JDBC execute query: select rownum stt, xlpt.* from (SELECT id, ip, port, username, password, domain, sender_name, email_address, protocol FROM mail_config) xlpt where rownum < 13
2020-10-02 13:56:10,877 INFO c.n.n.NbdApiApplication [restartedMain] Starting NbdApiApplication on DESKTOP-69MST1A with PID 4044 (C:\Users\acer\IdeaProjects\nbd-api\target\classes started by acer in C:\Users\acer\IdeaProjects\nbd-api)
2020-10-02 13:56:10,879 DEBUG c.n.n.NbdApiApplication [restartedMain] Running with Spring Boot v2.3.4.RELEASE, Spring v5.2.9.RELEASE
2020-10-02 13:56:10,879 INFO c.n.n.NbdApiApplication [restartedMain] The following profiles are active: local
2020-10-02 13:56:14,924 INFO c.n.n.NbdApiApplication [restartedMain] Started NbdApiApplication in 4.578 seconds (JVM running for 5.858)
2020-10-02 13:56:17,817 DEBUG c.n.n.f.JWTFilter [http-nio-8080-exec-2] path : /api/v1/mail-config/get-list-mail-config-pagination, method: POST
2020-10-02 13:56:17,879 DEBUG c.n.n.f.TokenProvider [http-nio-8080-exec-2] username: administrator
2020-10-02 13:57:14,520 DEBUG c.n.n.f.JWTFilter [http-nio-8080-exec-3] path : /api/v1/mail-config/get-list-mail-config-pagination, method: POST
2020-10-02 13:57:14,524 DEBUG c.n.n.f.TokenProvider [http-nio-8080-exec-3] username: administrator
2020-10-02 13:57:24,180 DEBUG c.n.n.f.JWTFilter [http-nio-8080-exec-4] path : /api/v1/mail-config/get-list-mail-config-pagination, method: POST
2020-10-02 13:57:24,186 INFO c.n.n.f.TokenProvider [http-nio-8080-exec-4] Invalid JWT token.
2020-10-02 13:57:24,204 DEBUG c.n.n.f.JWTFilter [http-nio-8080-exec-4] path : /error, method: POST
2020-10-02 13:57:24,207 INFO c.n.n.f.TokenProvider [http-nio-8080-exec-4] Invalid JWT token.
2020-10-02 13:58:06,885 DEBUG c.n.n.f.JWTFilter [http-nio-8080-exec-7] path : /api/v1/mail-config/get-list-mail-config-pagination, method: POST
2020-10-02 13:58:06,895 DEBUG c.n.n.f.TokenProvider [http-nio-8080-exec-7] username: administrator
2020-10-02 13:58:57,432 DEBUG c.n.n.f.JWTFilter [http-nio-8080-exec-10] path : /api/v1/mail-config/get-list-mail-config-pagination, method: POST
2020-10-02 13:58:57,439 DEBUG c.n.n.f.TokenProvider [http-nio-8080-exec-10] username: administrator
2020-10-02 13:59:40,816 DEBUG c.n.n.f.JWTFilter [http-nio-8080-exec-2] path : /api/v1/mail-config/get-list-mail-config-pagination, method: POST
2020-10-02 13:59:40,821 DEBUG c.n.n.f.TokenProvider [http-nio-8080-exec-2] username: administrator
2020-10-02 13:59:44,596 DEBUG c.n.n.f.JWTFilter [http-nio-8080-exec-5] path : /api/v1/mail-config/get-list-mail-config-pagination, method: POST
2020-10-02 13:59:44,600 DEBUG c.n.n.f.TokenProvider [http-nio-8080-exec-5] username: administrator
2020-10-02 14:00:10,725 DEBUG c.n.n.f.JWTFilter [http-nio-8080-exec-7] path : /api/v1/mail-config/get-list-mail-config-pagination, method: POST
2020-10-02 14:00:10,730 DEBUG c.n.n.f.TokenProvider [http-nio-8080-exec-7] username: administrator
2020-10-02 14:00:33,352 DEBUG c.n.n.f.JWTFilter [http-nio-8080-exec-9] path : /api/v1/mail-config/get-list-mail-config-pagination, method: POST
2020-10-02 14:00:33,357 DEBUG c.n.n.f.TokenProvider [http-nio-8080-exec-9] username: administrator
2020-10-02 14:10:25,890 INFO c.n.n.NbdApiApplication [restartedMain] Starting NbdApiApplication on DESKTOP-69MST1A with PID 2460 (C:\Users\acer\IdeaProjects\nbd-api\target\classes started by acer in C:\Users\acer\IdeaProjects\nbd-api)
2020-10-02 14:10:25,891 DEBUG c.n.n.NbdApiApplication [restartedMain] Running with Spring Boot v2.3.4.RELEASE, Spring v5.2.9.RELEASE
2020-10-02 14:10:25,891 INFO c.n.n.NbdApiApplication [restartedMain] The following profiles are active: local
2020-10-02 14:10:31,292 INFO c.n.n.NbdApiApplication [restartedMain] Started NbdApiApplication in 6.138 seconds (JVM running for 7.727)
2020-10-02 14:11:52,482 DEBUG c.n.n.f.JWTFilter [http-nio-8080-exec-2] path : /api/v1/mail-config/create-mail-config, method: POST
2020-10-02 14:11:52,550 DEBUG c.n.n.f.TokenProvider [http-nio-8080-exec-2] username: administrator
2020-10-02 14:13:23,884 INFO c.n.n.NbdApiApplication [restartedMain] Starting NbdApiApplication on DESKTOP-69MST1A with PID 3268 (C:\Users\acer\IdeaProjects\nbd-api\target\classes started by acer in C:\Users\acer\IdeaProjects\nbd-api)
2020-10-02 14:13:23,885 DEBUG c.n.n.NbdApiApplication [restartedMain] Running with Spring Boot v2.3.4.RELEASE, Spring v5.2.9.RELEASE
2020-10-02 14:13:23,885 INFO c.n.n.NbdApiApplication [restartedMain] The following profiles are active: local
2020-10-02 14:13:28,213 INFO c.n.n.NbdApiApplication [restartedMain] Started NbdApiApplication in 4.843 seconds (JVM running for 6.274)
2020-10-02 14:13:32,464 DEBUG c.n.n.f.JWTFilter [http-nio-8080-exec-2] path : /api/v1/mail-config/create-mail-config, method: POST
2020-10-02 14:13:32,524 DEBUG c.n.n.f.TokenProvider [http-nio-8080-exec-2] username: administrator
2020-10-02 14:13:50,753 DEBUG c.n.n.f.JWTFilter [http-nio-8080-exec-4] path : /api/v1/mail-config/create-mail-config, method: POST
2020-10-02 14:13:50,757 DEBUG c.n.n.f.TokenProvider [http-nio-8080-exec-4] username: administrator
2020-10-02 14:14:16,038 DEBUG c.n.n.f.JWTFilter [http-nio-8080-exec-5] path : /api/v1/mail-config/create-mail-config, method: POST
2020-10-02 14:14:16,043 DEBUG c.n.n.f.TokenProvider [http-nio-8080-exec-5] username: administrator
2020-10-02 14:16:16,323 INFO c.n.n.NbdApiApplication [restartedMain] Starting NbdApiApplication on DESKTOP-69MST1A with PID 16948 (C:\Users\acer\IdeaProjects\nbd-api\target\classes started by acer in C:\Users\acer\IdeaProjects\nbd-api)
2020-10-02 14:16:16,324 DEBUG c.n.n.NbdApiApplication [restartedMain] Running with Spring Boot v2.3.4.RELEASE, Spring v5.2.9.RELEASE
2020-10-02 14:16:16,324 INFO c.n.n.NbdApiApplication [restartedMain] The following profiles are active: local
2020-10-02 14:16:20,817 INFO c.n.n.NbdApiApplication [restartedMain] Started NbdApiApplication in 5.09 seconds (JVM running for 6.536)
2020-10-02 14:16:28,122 DEBUG c.n.n.f.JWTFilter [http-nio-8080-exec-1] path : /api/v1/mail-config/create-mail-config, method: POST
2020-10-02 14:16:28,215 DEBUG c.n.n.f.TokenProvider [http-nio-8080-exec-1] username: administrator
2020-10-02 14:16:29,470 DEBUG c.n.n.s.i.MailConfigServiceImpl [http-nio-8080-exec-1] Execute value: false
2020-10-02 14:16:49,269 DEBUG c.n.n.f.JWTFilter [http-nio-8080-exec-3] path : /api/v1/mail-config/get-list-mail-config-pagination, method: POST
2020-10-02 14:16:49,272 DEBUG c.n.n.f.TokenProvider [http-nio-8080-exec-3] username: administrator
2020-10-02 14:22:36,762 DEBUG c.n.n.f.JWTFilter [http-nio-8080-exec-7] path : /api/v1/mail-config/get-list-mail-config-pagination, method: POST
2020-10-02 14:22:36,766 DEBUG c.n.n.f.TokenProvider [http-nio-8080-exec-7] username: administrator
2020-10-02 14:23:33,289 DEBUG c.n.n.f.JWTFilter [http-nio-8080-exec-10] path : /api/v1/mail-config/get-list-mail-config-pagination, method: POST
2020-10-02 14:23:33,300 DEBUG c.n.n.f.TokenProvider [http-nio-8080-exec-10] username: administrator
2020-10-02 14:23:42,618 DEBUG c.n.n.f.JWTFilter [http-nio-8080-exec-1] path : /api/v1/mail-config/create-mail-config, method: POST
2020-10-02 14:23:42,621 DEBUG c.n.n.f.TokenProvider [http-nio-8080-exec-1] username: administrator
2020-10-02 14:23:43,048 DEBUG c.n.n.s.i.MailConfigServiceImpl [http-nio-8080-exec-1] Execute value: false
2020-10-03 16:52:10,468 INFO c.n.n.NbdApiApplication [restartedMain] Starting NbdApiApplication on LAPTOP-9S5F1FQ9 with PID 14804 (D:\code\kttv\nbd-api\target\classes started by HP in D:\code\kttv\nbd-api)
2020-10-03 16:52:10,480 DEBUG c.n.n.NbdApiApplication [restartedMain] Running with Spring Boot v2.3.4.RELEASE, Spring v5.2.9.RELEASE
2020-10-03 16:52:10,481 INFO c.n.n.NbdApiApplication [restartedMain] The following profiles are active: local
2020-10-03 16:52:16,675 INFO c.n.n.NbdApiApplication [restartedMain] Started NbdApiApplication in 6.901 seconds (JVM running for 8.421)
2020-10-03 16:53:38,388 INFO c.n.n.NbdApiApplication [restartedMain] Starting NbdApiApplication on LAPTOP-9S5F1FQ9 with PID 14956 (D:\code\kttv\nbd-api\target\classes started by HP in D:\code\kttv\nbd-api)
2020-10-03 16:53:38,397 DEBUG c.n.n.NbdApiApplication [restartedMain] Running with Spring Boot v2.3.4.RELEASE, Spring v5.2.9.RELEASE
2020-10-03 16:53:38,398 INFO c.n.n.NbdApiApplication [restartedMain] No active profile set, falling back to default profiles: default
2020-10-03 16:53:43,633 INFO c.n.n.NbdApiApplication [restartedMain] Started NbdApiApplication in 5.855 seconds (JVM running for 8.178)
2020-10-03 19:44:09,914 INFO c.n.n.NbdApiApplication [restartedMain] Starting NbdApiApplication on LAPTOP-9S5F1FQ9 with PID 9920 (D:\code\kttv\nbd-api\target\classes started by HP in D:\code\kttv\nbd-api)
2020-10-03 19:44:09,920 DEBUG c.n.n.NbdApiApplication [restartedMain] Running with Spring Boot v2.3.4.RELEASE, Spring v5.2.9.RELEASE
2020-10-03 19:44:09,921 INFO c.n.n.NbdApiApplication [restartedMain] No active profile set, falling back to default profiles: default
2020-10-03 19:44:12,359 INFO c.n.n.NbdApiApplication [restartedMain] Started NbdApiApplication in 2.742 seconds (JVM running for 3.749)
2020-10-03 19:44:53,135 DEBUG c.n.n.f.JWTFilter [http-nio-8080-exec-2] path : /api/v1/mail-config/get-list-mail-config-pagination, method: POST
2020-10-03 19:44:53,180 INFO c.n.n.f.TokenProvider [http-nio-8080-exec-2] Invalid JWT token.
2020-10-03 19:44:53,190 DEBUG c.n.n.f.JWTFilter [http-nio-8080-exec-2] path : /error, method: POST
2020-10-03 19:44:53,191 INFO c.n.n.f.TokenProvider [http-nio-8080-exec-2] Invalid JWT token.
2020-10-03 19:45:04,201 DEBUG c.n.n.f.JWTFilter [http-nio-8080-exec-1] path : /api/v1/authenticate, method: POST
2020-10-03 19:45:04,363 DEBUG c.n.n.d.i.UserInfoDAOImpl [http-nio-8080-exec-1] JDBC execute query : SELECT id, password FROM user_info WHERE id = ?
2020-10-03 19:45:10,398 DEBUG c.n.n.f.JWTFilter [http-nio-8080-exec-5] path : /api/v1/authenticate, method: POST
2020-10-03 19:45:10,400 DEBUG c.n.n.d.i.UserInfoDAOImpl [http-nio-8080-exec-5] JDBC execute query : SELECT id, password FROM user_info WHERE id = ?
2020-10-03 19:45:25,209 DEBUG c.n.n.f.JWTFilter [http-nio-8080-exec-7] path : /api/v1/authenticate, method: POST
2020-10-03 19:45:25,211 DEBUG c.n.n.d.i.UserInfoDAOImpl [http-nio-8080-exec-7] JDBC execute query : SELECT id, password FROM user_info WHERE id = ?
2020-10-03 19:46:49,137 DEBUG c.n.n.f.JWTFilter [http-nio-8080-exec-10] path : /api/v1/authenticate, method: POST
2020-10-03 19:46:49,139 DEBUG c.n.n.d.i.UserInfoDAOImpl [http-nio-8080-exec-10] JDBC execute query : SELECT id, password FROM user_info WHERE id = ?
2020-10-03 19:49:04,383 INFO c.n.n.NbdApiApplication [restartedMain] Starting NbdApiApplication on LAPTOP-9S5F1FQ9 with PID 8112 (D:\code\kttv\nbd-api\target\classes started by HP in D:\code\kttv\nbd-api)
2020-10-03 19:49:04,389 DEBUG c.n.n.NbdApiApplication [restartedMain] Running with Spring Boot v2.3.4.RELEASE, Spring v5.2.9.RELEASE
2020-10-03 19:49:04,390 INFO c.n.n.NbdApiApplication [restartedMain] No active profile set, falling back to default profiles: default
2020-10-03 19:49:06,756 INFO c.n.n.NbdApiApplication [restartedMain] Started NbdApiApplication in 2.64 seconds (JVM running for 3.529)
2020-10-03 19:50:00,969 INFO c.n.n.NbdApiApplication [restartedMain] Starting NbdApiApplication on LAPTOP-9S5F1FQ9 with PID 8112 (D:\code\kttv\nbd-api\target\classes started by HP in D:\code\kttv\nbd-api)
2020-10-03 19:50:00,970 DEBUG c.n.n.NbdApiApplication [restartedMain] Running with Spring Boot v2.3.4.RELEASE, Spring v5.2.9.RELEASE
2020-10-03 19:50:00,970 INFO c.n.n.NbdApiApplication [restartedMain] No active profile set, falling back to default profiles: default
2020-10-03 19:50:01,542 INFO c.n.n.NbdApiApplication [restartedMain] Started NbdApiApplication in 0.598 seconds (JVM running for 58.315)
2020-10-03 19:50:28,742 INFO c.n.n.NbdApiApplication [restartedMain] Starting NbdApiApplication on LAPTOP-9S5F1FQ9 with PID 8112 (D:\code\kttv\nbd-api\target\classes started by HP in D:\code\kttv\nbd-api)
2020-10-03 19:50:28,742 DEBUG c.n.n.NbdApiApplication [restartedMain] Running with Spring Boot v2.3.4.RELEASE, Spring v5.2.9.RELEASE
2020-10-03 19:50:28,743 INFO c.n.n.NbdApiApplication [restartedMain] No active profile set, falling back to default profiles: default
2020-10-03 19:50:29,252 INFO c.n.n.NbdApiApplication [restartedMain] Started NbdApiApplication in 0.533 seconds (JVM running for 86.024)
2020-10-03 19:50:37,365 INFO c.n.n.NbdApiApplication [restartedMain] Starting NbdApiApplication on LAPTOP-9S5F1FQ9 with PID 8112 (D:\code\kttv\nbd-api\target\classes started by HP in D:\code\kttv\nbd-api)
2020-10-03 19:50:37,365 DEBUG c.n.n.NbdApiApplication [restartedMain] Running with Spring Boot v2.3.4.RELEASE, Spring v5.2.9.RELEASE
2020-10-03 19:50:37,365 INFO c.n.n.NbdApiApplication [restartedMain] No active profile set, falling back to default profiles: default
2020-10-03 19:50:37,863 INFO c.n.n.NbdApiApplication [restartedMain] Started NbdApiApplication in 0.521 seconds (JVM running for 94.636)
2020-10-03 19:50:47,088 INFO c.n.n.NbdApiApplication [restartedMain] Starting NbdApiApplication on LAPTOP-9S5F1FQ9 with PID 1044 (D:\code\kttv\nbd-api\target\classes started by HP in D:\code\kttv\nbd-api)
2020-10-03 19:50:47,093 DEBUG c.n.n.NbdApiApplication [restartedMain] Running with Spring Boot v2.3.4.RELEASE, Spring v5.2.9.RELEASE
2020-10-03 19:50:47,094 INFO c.n.n.NbdApiApplication [restartedMain] No active profile set, falling back to default profiles: default
2020-10-03 19:50:49,446 INFO c.n.n.NbdApiApplication [restartedMain] Started NbdApiApplication in 2.657 seconds (JVM running for 3.535)
2020-10-03 19:50:58,109 DEBUG c.n.n.f.JWTFilter [http-nio-8080-exec-1] path : /api/v1/authenticate, method: POST
2020-10-03 19:50:58,296 DEBUG c.n.n.d.i.UserInfoDAOImpl [http-nio-8080-exec-1] JDBC execute query : SELECT id, password FROM user_info WHERE id = ?
2020-10-03 19:53:44,585 INFO c.n.n.NbdApiApplication [restartedMain] Starting NbdApiApplication on LAPTOP-9S5F1FQ9 with PID 6884 (D:\code\kttv\nbd-api\target\classes started by HP in D:\code\kttv\nbd-api)
2020-10-03 19:53:44,591 DEBUG c.n.n.NbdApiApplication [restartedMain] Running with Spring Boot v2.3.4.RELEASE, Spring v5.2.9.RELEASE
2020-10-03 19:53:44,591 INFO c.n.n.NbdApiApplication [restartedMain] The following profiles are active: local
2020-10-03 19:54:05,604 INFO c.n.n.NbdApiApplication [restartedMain] Starting NbdApiApplication on LAPTOP-9S5F1FQ9 with PID 12260 (D:\code\kttv\nbd-api\target\classes started by HP in D:\code\kttv\nbd-api)
2020-10-03 19:54:05,610 DEBUG c.n.n.NbdApiApplication [restartedMain] Running with Spring Boot v2.3.4.RELEASE, Spring v5.2.9.RELEASE
2020-10-03 19:54:05,610 INFO c.n.n.NbdApiApplication [restartedMain] The following profiles are active: local
2020-10-03 19:54:08,308 INFO c.n.n.NbdApiApplication [restartedMain] Started NbdApiApplication in 2.987 seconds (JVM running for 3.899)
2020-10-03 19:54:11,089 DEBUG c.n.n.f.JWTFilter [http-nio-8080-exec-2] path : /api/v1/authenticate, method: POST
2020-10-03 19:54:11,295 DEBUG c.n.n.d.i.UserInfoDAOImpl [http-nio-8080-exec-2] JDBC execute query : SELECT id, password FROM user_info WHERE id = ?
2020-10-03 19:54:11,449 DEBUG c.n.n.d.i.UserInfoDAOImpl [http-nio-8080-exec-2] Username: administrator
2020-10-03 19:56:02,254 DEBUG c.n.n.f.JWTFilter [http-nio-8080-exec-3] path : /api/v1/mail-config/get-list-mail-config-pagination, method: POST
2020-10-03 19:56:02,275 INFO c.n.n.f.TokenProvider [http-nio-8080-exec-3] Invalid JWT token.
2020-10-03 19:56:02,282 DEBUG c.n.n.f.JWTFilter [http-nio-8080-exec-3] path : /error, method: POST
2020-10-03 19:56:02,285 INFO c.n.n.f.TokenProvider [http-nio-8080-exec-3] Invalid JWT token.
2020-10-03 19:56:05,542 DEBUG c.n.n.f.JWTFilter [http-nio-8080-exec-6] path : /api/v1/mail-config/get-list-mail-config-pagination, method: POST
2020-10-03 19:56:05,543 INFO c.n.n.f.TokenProvider [http-nio-8080-exec-6] Invalid JWT token.
2020-10-03 19:56:05,544 DEBUG c.n.n.f.JWTFilter [http-nio-8080-exec-6] path : /error, method: POST
2020-10-03 19:56:05,545 INFO c.n.n.f.TokenProvider [http-nio-8080-exec-6] Invalid JWT token.
2020-10-03 19:59:02,122 DEBUG c.n.n.f.JWTFilter [http-nio-8080-exec-7] path : /api/v1/mail-config/get-list-mail-config-pagination, method: POST
2020-10-03 19:59:02,125 INFO c.n.n.f.TokenProvider [http-nio-8080-exec-7] Invalid JWT token.
2020-10-03 19:59:02,126 DEBUG c.n.n.f.JWTFilter [http-nio-8080-exec-7] path : /error, method: POST
2020-10-03 19:59:02,127 INFO c.n.n.f.TokenProvider [http-nio-8080-exec-7] Invalid JWT token.
2020-10-03 19:59:24,666 DEBUG c.n.n.f.JWTFilter [http-nio-8080-exec-9] path : /api/v1/authenticate, method: POST
2020-10-03 19:59:25,000 DEBUG c.n.n.d.i.UserInfoDAOImpl [http-nio-8080-exec-9] JDBC execute query : SELECT id, password FROM user_info WHERE id = ?
2020-10-03 19:59:25,094 DEBUG c.n.n.d.i.UserInfoDAOImpl [http-nio-8080-exec-9] Username: administrator
2020-10-03 20:00:41,463 DEBUG c.n.n.f.JWTFilter [http-nio-8080-exec-2] path : /api/v1/mail-config/get-list-mail-config-pagination, method: POST
2020-10-03 20:00:41,466 INFO c.n.n.f.TokenProvider [http-nio-8080-exec-2] Invalid JWT token.
2020-10-03 20:00:41,468 DEBUG c.n.n.f.JWTFilter [http-nio-8080-exec-2] path : /error, method: POST
2020-10-03 20:00:41,472 INFO c.n.n.f.TokenProvider [http-nio-8080-exec-2] Invalid JWT token.
2020-10-03 20:01:10,110 INFO c.n.n.NbdApiApplication [restartedMain] Starting NbdApiApplication on LAPTOP-9S5F1FQ9 with PID 16520 (D:\code\kttv\nbd-api\target\classes started by HP in D:\code\kttv\nbd-api)
2020-10-03 20:01:10,117 DEBUG c.n.n.NbdApiApplication [restartedMain] Running with Spring Boot v2.3.4.RELEASE, Spring v5.2.9.RELEASE
2020-10-03 20:01:10,117 INFO c.n.n.NbdApiApplication [restartedMain] The following profiles are active: local
2020-10-03 20:01:12,849 INFO c.n.n.NbdApiApplication [restartedMain] Started NbdApiApplication in 3.016 seconds (JVM running for 3.913)
2020-10-03 20:01:16,549 DEBUG c.n.n.f.JWTFilter [http-nio-8080-exec-1] path : /api/v1/mail-config/get-list-mail-config-pagination, method: POST
2020-10-03 20:01:16,596 INFO c.n.n.f.TokenProvider [http-nio-8080-exec-1] Invalid JWT token.
2020-10-03 20:01:16,605 DEBUG c.n.n.f.JWTFilter [http-nio-8080-exec-1] path : /error, method: POST
2020-10-03 20:01:16,606 INFO c.n.n.f.TokenProvider [http-nio-8080-exec-1] Invalid JWT token.
2020-10-03 20:01:35,257 DEBUG c.n.n.f.JWTFilter [http-nio-8080-exec-3] path : /api/v1/authenticate, method: POST
2020-10-03 20:01:35,421 DEBUG c.n.n.d.i.UserInfoDAOImpl [http-nio-8080-exec-3] JDBC execute query : SELECT id, password FROM user_info WHERE id = ?
2020-10-03 20:01:35,531 DEBUG c.n.n.d.i.UserInfoDAOImpl [http-nio-8080-exec-3] Username: administrator
2020-10-03 20:02:02,533 DEBUG c.n.n.f.JWTFilter [http-nio-8080-exec-4] path : /api/v1/mail-config/get-list-mail-config-pagination, method: POST
2020-10-03 20:02:02,537 INFO c.n.n.f.TokenProvider [http-nio-8080-exec-4] Invalid JWT token.
2020-10-03 20:02:02,537 DEBUG c.n.n.f.JWTFilter [http-nio-8080-exec-4] path : /error, method: POST
2020-10-03 20:02:02,538 INFO c.n.n.f.TokenProvider [http-nio-8080-exec-4] Invalid JWT token.
2020-10-03 20:07:00,472 DEBUG c.n.n.f.JWTFilter [http-nio-8080-exec-7] path : /api/v1/mail-config/get-list-mail-config-pagination, method: POST
2020-10-03 20:07:00,475 INFO c.n.n.f.TokenProvider [http-nio-8080-exec-7] Invalid JWT token.
2020-10-03 20:07:00,476 DEBUG c.n.n.f.JWTFilter [http-nio-8080-exec-7] path : /error, method: POST
2020-10-03 20:07:00,477 INFO c.n.n.f.TokenProvider [http-nio-8080-exec-7] Invalid JWT token.
2020-10-03 20:07:12,244 DEBUG c.n.n.f.JWTFilter [http-nio-8080-exec-8] path : /api/v1/authenticate, method: POST
2020-10-03 20:07:12,507 DEBUG c.n.n.d.i.UserInfoDAOImpl [http-nio-8080-exec-8] JDBC execute query : SELECT id, password FROM user_info WHERE id = ?
2020-10-03 20:07:12,604 DEBUG c.n.n.d.i.UserInfoDAOImpl [http-nio-8080-exec-8] Username: administrator
2020-10-03 20:08:08,213 DEBUG c.n.n.f.JWTFilter [http-nio-8080-exec-10] path : /api/v1/mail-config/get-list-mail-config-pagination, method: POST
2020-10-03 20:08:08,216 INFO c.n.n.f.TokenProvider [http-nio-8080-exec-10] Invalid JWT token.
2020-10-03 20:08:08,217 DEBUG c.n.n.f.JWTFilter [http-nio-8080-exec-10] path : /error, method: POST
2020-10-03 20:08:08,218 INFO c.n.n.f.TokenProvider [http-nio-8080-exec-10] Invalid JWT token.
2020-10-03 20:08:15,598 DEBUG c.n.n.f.JWTFilter [http-nio-8080-exec-1] path : /api/v1/mail-config/get-list-mail-config-pagination, method: POST
2020-10-03 20:08:15,603 DEBUG c.n.n.f.TokenProvider [http-nio-8080-exec-1] username: administrator
2020-10-03 20:09:01,722 DEBUG c.n.n.f.JWTFilter [http-nio-8080-exec-2] path : /api/v1/mail-config/get-list-mail-config-pagination, method: POST
2020-10-03 20:09:01,725 INFO c.n.n.f.TokenProvider [http-nio-8080-exec-2] Invalid JWT token.
2020-10-03 20:09:01,727 DEBUG c.n.n.f.JWTFilter [http-nio-8080-exec-2] path : /error, method: POST
2020-10-03 20:09:01,729 INFO c.n.n.f.TokenProvider [http-nio-8080-exec-2] Invalid JWT token.
2020-10-03 20:10:08,411 DEBUG c.n.n.f.JWTFilter [http-nio-8080-exec-4] path : /api/v1/mail-config/get-list-mail-config-pagination, method: POST
2020-10-03 20:10:08,414 INFO c.n.n.f.TokenProvider [http-nio-8080-exec-4] Invalid JWT token.
2020-10-03 20:10:08,415 DEBUG c.n.n.f.JWTFilter [http-nio-8080-exec-4] path : /error, method: POST
2020-10-03 20:10:08,417 INFO c.n.n.f.TokenProvider [http-nio-8080-exec-4] Invalid JWT token.
2020-10-03 20:10:34,340 DEBUG c.n.n.f.JWTFilter [http-nio-8080-exec-6] path : /api/v1/mail-config/get-list-mail-config-pagination, method: POST
2020-10-03 20:10:34,342 DEBUG c.n.n.f.TokenProvider [http-nio-8080-exec-6] username: administrator
2020-10-03 20:12:11,080 DEBUG c.n.n.f.JWTFilter [http-nio-8080-exec-7] path : /api/v1/mail-config/get-list-mail-config-pagination, method: POST
2020-10-03 20:12:11,083 INFO c.n.n.f.TokenProvider [http-nio-8080-exec-7] Invalid JWT token.
2020-10-03 20:12:11,085 DEBUG c.n.n.f.JWTFilter [http-nio-8080-exec-7] path : /error, method: POST
2020-10-03 20:12:11,088 INFO c.n.n.f.TokenProvider [http-nio-8080-exec-7] Invalid JWT token.
2020-10-03 20:12:23,206 DEBUG c.n.n.f.JWTFilter [http-nio-8080-exec-10] path : /api/v1/mail-config/get-list-mail-config-pagination, method: POST
2020-10-03 20:12:23,208 DEBUG c.n.n.f.TokenProvider [http-nio-8080-exec-10] username: administrator
2020-10-03 20:13:28,259 DEBUG c.n.n.f.JWTFilter [http-nio-8080-exec-2] path : /api/v1/mail-config/get-list-mail-config-pagination, method: POST
2020-10-03 20:13:28,262 INFO c.n.n.f.TokenProvider [http-nio-8080-exec-2] Invalid JWT token.
2020-10-03 20:13:28,264 DEBUG c.n.n.f.JWTFilter [http-nio-8080-exec-2] path : /error, method: POST
2020-10-03 20:13:28,266 INFO c.n.n.f.TokenProvider [http-nio-8080-exec-2] Invalid JWT token.
2020-10-03 20:14:59,552 DEBUG c.n.n.f.JWTFilter [http-nio-8080-exec-5] path : /api/v1/mail-config/get-list-mail-config-pagination, method: POST
2020-10-03 20:14:59,555 DEBUG c.n.n.f.TokenProvider [http-nio-8080-exec-5] username: administrator
2020-10-03 20:15:36,395 DEBUG c.n.n.f.JWTFilter [http-nio-8080-exec-9] path : /api/v1/mail-config/create-mail-config, method: POST
2020-10-03 20:15:36,397 INFO c.n.n.f.TokenProvider [http-nio-8080-exec-9] Invalid JWT token.
2020-10-03 20:15:36,398 DEBUG c.n.n.f.JWTFilter [http-nio-8080-exec-9] path : /error, method: POST
2020-10-03 20:15:36,399 INFO c.n.n.f.TokenProvider [http-nio-8080-exec-9] Invalid JWT token.
2020-10-03 20:15:37,798 DEBUG c.n.n.f.JWTFilter [http-nio-8080-exec-7] path : /api/v1/mail-config/create-mail-config, method: POST
2020-10-03 20:15:37,799 INFO c.n.n.f.TokenProvider [http-nio-8080-exec-7] Invalid JWT token.
2020-10-03 20:15:37,800 DEBUG c.n.n.f.JWTFilter [http-nio-8080-exec-7] path : /error, method: POST
2020-10-03 20:15:37,802 INFO c.n.n.f.TokenProvider [http-nio-8080-exec-7] Invalid JWT token.
2020-10-03 20:15:38,222 DEBUG c.n.n.f.JWTFilter [http-nio-8080-exec-8] path : /api/v1/mail-config/create-mail-config, method: POST
2020-10-03 20:15:38,223 INFO c.n.n.f.TokenProvider [http-nio-8080-exec-8] Invalid JWT token.
2020-10-03 20:15:38,224 DEBUG c.n.n.f.JWTFilter [http-nio-8080-exec-8] path : /error, method: POST
2020-10-03 20:15:38,225 INFO c.n.n.f.TokenProvider [http-nio-8080-exec-8] Invalid JWT token.
2020-10-03 20:15:38,510 DEBUG c.n.n.f.JWTFilter [http-nio-8080-exec-10] path : /api/v1/mail-config/create-mail-config, method: POST
2020-10-03 20:15:38,511 INFO c.n.n.f.TokenProvider [http-nio-8080-exec-10] Invalid JWT token.
2020-10-03 20:15:38,512 DEBUG c.n.n.f.JWTFilter [http-nio-8080-exec-10] path : /error, method: POST
2020-10-03 20:15:38,513 INFO c.n.n.f.TokenProvider [http-nio-8080-exec-10] Invalid JWT token.
2020-10-03 20:15:38,678 DEBUG c.n.n.f.JWTFilter [http-nio-8080-exec-1] path : /api/v1/mail-config/create-mail-config, method: POST
2020-10-03 20:15:38,679 INFO c.n.n.f.TokenProvider [http-nio-8080-exec-1] Invalid JWT token.
2020-10-03 20:15:38,680 DEBUG c.n.n.f.JWTFilter [http-nio-8080-exec-1] path : /error, method: POST
2020-10-03 20:15:38,681 INFO c.n.n.f.TokenProvider [http-nio-8080-exec-1] Invalid JWT token.
2020-10-03 20:15:38,847 DEBUG c.n.n.f.JWTFilter [http-nio-8080-exec-2] path : /api/v1/mail-config/create-mail-config, method: POST
2020-10-03 20:15:38,848 INFO c.n.n.f.TokenProvider [http-nio-8080-exec-2] Invalid JWT token.
2020-10-03 20:15:38,849 DEBUG c.n.n.f.JWTFilter [http-nio-8080-exec-2] path : /error, method: POST
2020-10-03 20:15:38,850 INFO c.n.n.f.TokenProvider [http-nio-8080-exec-2] Invalid JWT token.
2020-10-03 20:16:37,233 INFO c.n.n.NbdApiApplication [restartedMain] Starting NbdApiApplication on LAPTOP-9S5F1FQ9 with PID 16520 (D:\code\kttv\nbd-api\target\classes started by HP in D:\code\kttv\nbd-api)
2020-10-03 20:16:37,234 DEBUG c.n.n.NbdApiApplication [restartedMain] Running with Spring Boot v2.3.4.RELEASE, Spring v5.2.9.RELEASE
2020-10-03 20:16:37,234 INFO c.n.n.NbdApiApplication [restartedMain] The following profiles are active: local
2020-10-03 20:16:38,074 INFO c.n.n.NbdApiApplication [restartedMain] Started NbdApiApplication in 0.869 seconds (JVM running for 929.138)
2020-10-03 20:16:44,037 INFO c.n.n.NbdApiApplication [restartedMain] Starting NbdApiApplication on LAPTOP-9S5F1FQ9 with PID 16520 (D:\code\kttv\nbd-api\target\classes started by HP in D:\code\kttv\nbd-api)
2020-10-03 20:16:44,038 DEBUG c.n.n.NbdApiApplication [restartedMain] Running with Spring Boot v2.3.4.RELEASE, Spring v5.2.9.RELEASE
2020-10-03 20:16:44,038 INFO c.n.n.NbdApiApplication [restartedMain] The following profiles are active: local
2020-10-03 20:16:44,826 INFO c.n.n.NbdApiApplication [restartedMain] Started NbdApiApplication in 0.817 seconds (JVM running for 935.89)
2020-10-03 20:16:52,763 INFO c.n.n.NbdApiApplication [restartedMain] Starting NbdApiApplication on LAPTOP-9S5F1FQ9 with PID 16520 (D:\code\kttv\nbd-api\target\classes started by HP in D:\code\kttv\nbd-api)
2020-10-03 20:16:52,764 DEBUG c.n.n.NbdApiApplication [restartedMain] Running with Spring Boot v2.3.4.RELEASE, Spring v5.2.9.RELEASE
2020-10-03 20:16:52,764 INFO c.n.n.NbdApiApplication [restartedMain] The following profiles are active: local
2020-10-03 20:16:53,532 INFO c.n.n.NbdApiApplication [restartedMain] Started NbdApiApplication in 0.794 seconds (JVM running for 944.597)
2020-10-03 20:17:10,485 INFO c.n.n.NbdApiApplication [restartedMain] Starting NbdApiApplication on LAPTOP-9S5F1FQ9 with PID 16520 (D:\code\kttv\nbd-api\target\classes started by HP in D:\code\kttv\nbd-api)
2020-10-03 20:17:10,485 DEBUG c.n.n.NbdApiApplication [restartedMain] Running with Spring Boot v2.3.4.RELEASE, Spring v5.2.9.RELEASE
2020-10-03 20:17:10,485 INFO c.n.n.NbdApiApplication [restartedMain] The following profiles are active: local
2020-10-03 20:17:11,189 INFO c.n.n.NbdApiApplication [restartedMain] Started NbdApiApplication in 0.729 seconds (JVM running for 962.254)
2020-10-03 20:21:02,957 INFO c.n.n.NbdApiApplication [restartedMain] Starting NbdApiApplication on LAPTOP-9S5F1FQ9 with PID 16520 (D:\code\kttv\nbd-api\target\classes started by HP in D:\code\kttv\nbd-api)
2020-10-03 20:21:02,957 DEBUG c.n.n.NbdApiApplication [restartedMain] Running with Spring Boot v2.3.4.RELEASE, Spring v5.2.9.RELEASE
2020-10-03 20:21:02,957 INFO c.n.n.NbdApiApplication [restartedMain] The following profiles are active: local
2020-10-03 20:21:03,685 INFO c.n.n.NbdApiApplication [restartedMain] Started NbdApiApplication in 0.753 seconds (JVM running for 1194.749)
2020-10-03 20:21:17,709 INFO c.n.n.NbdApiApplication [restartedMain] Starting NbdApiApplication on LAPTOP-9S5F1FQ9 with PID 16520 (D:\code\kttv\nbd-api\target\classes started by HP in D:\code\kttv\nbd-api)
2020-10-03 20:21:17,710 DEBUG c.n.n.NbdApiApplication [restartedMain] Running with Spring Boot v2.3.4.RELEASE, Spring v5.2.9.RELEASE
2020-10-03 20:21:17,710 INFO c.n.n.NbdApiApplication [restartedMain] The following profiles are active: local
2020-10-03 20:21:18,447 INFO c.n.n.NbdApiApplication [restartedMain] Started NbdApiApplication in 0.763 seconds (JVM running for 1209.511)
2020-10-03 20:21:21,344 INFO c.n.n.NbdApiApplication [restartedMain] Starting NbdApiApplication on LAPTOP-9S5F1FQ9 with PID 16520 (D:\code\kttv\nbd-api\target\classes started by HP in D:\code\kttv\nbd-api)
2020-10-03 20:21:21,344 DEBUG c.n.n.NbdApiApplication [restartedMain] Running with Spring Boot v2.3.4.RELEASE, Spring v5.2.9.RELEASE
2020-10-03 20:21:21,344 INFO c.n.n.NbdApiApplication [restartedMain] The following profiles are active: local
2020-10-03 20:21:22,111 INFO c.n.n.NbdApiApplication [restartedMain] Started NbdApiApplication in 0.791 seconds (JVM running for 1213.175)
2020-10-03 20:21:26,706 DEBUG c.n.n.f.JWTFilter [http-nio-8080-exec-2] path : /api/v1/mail-config/get-list-mail-config-pagination, method: POST
2020-10-03 20:21:26,707 DEBUG c.n.n.f.TokenProvider [http-nio-8080-exec-2] username: administrator
2020-10-03 20:21:28,839 DEBUG c.n.n.f.JWTFilter [http-nio-8080-exec-4] path : /api/v1/mail-config/get-list-mail-config-pagination, method: POST
2020-10-03 20:21:28,842 DEBUG c.n.n.f.TokenProvider [http-nio-8080-exec-4] username: administrator
2020-10-03 20:22:49,419 INFO c.n.n.NbdApiApplication [restartedMain] Starting NbdApiApplication on LAPTOP-9S5F1FQ9 with PID 16520 (D:\code\kttv\nbd-api\target\classes started by HP in D:\code\kttv\nbd-api)
2020-10-03 20:22:49,419 DEBUG c.n.n.NbdApiApplication [restartedMain] Running with Spring Boot v2.3.4.RELEASE, Spring v5.2.9.RELEASE
2020-10-03 20:22:49,419 INFO c.n.n.NbdApiApplication [restartedMain] The following profiles are active: local
2020-10-03 20:22:50,165 INFO c.n.n.NbdApiApplication [restartedMain] Started NbdApiApplication in 0.772 seconds (JVM running for 1301.23)
2020-10-03 20:22:52,068 INFO c.n.n.NbdApiApplication [restartedMain] Starting NbdApiApplication on LAPTOP-9S5F1FQ9 with PID 16520 (D:\code\kttv\nbd-api\target\classes started by HP in D:\code\kttv\nbd-api)
2020-10-03 20:22:52,069 DEBUG c.n.n.NbdApiApplication [restartedMain] Running with Spring Boot v2.3.4.RELEASE, Spring v5.2.9.RELEASE
2020-10-03 20:22:52,069 INFO c.n.n.NbdApiApplication [restartedMain] The following profiles are active: local
2020-10-03 20:22:53,077 INFO c.n.n.NbdApiApplication [restartedMain] Started NbdApiApplication in 1.031 seconds (JVM running for 1304.141)
2020-10-03 20:23:06,019 INFO c.n.n.NbdApiApplication [restartedMain] Starting NbdApiApplication on LAPTOP-9S5F1FQ9 with PID 16520 (D:\code\kttv\nbd-api\target\classes started by HP in D:\code\kttv\nbd-api)
2020-10-03 20:23:06,019 DEBUG c.n.n.NbdApiApplication [restartedMain] Running with Spring Boot v2.3.4.RELEASE, Spring v5.2.9.RELEASE
2020-10-03 20:23:06,019 INFO c.n.n.NbdApiApplication [restartedMain] The following profiles are active: local
2020-10-03 20:23:06,719 INFO c.n.n.NbdApiApplication [restartedMain] Started NbdApiApplication in 0.722 seconds (JVM running for 1317.783)
2020-10-03 20:23:30,280 DEBUG c.n.n.f.JWTFilter [http-nio-8080-exec-3] path : /api/v1/group-mail-receive/group-mail, method: GET
2020-10-03 20:23:30,283 DEBUG c.n.n.f.TokenProvider [http-nio-8080-exec-3] username: administrator
2020-10-03 20:23:30,288 DEBUG c.n.n.f.JWTFilter [http-nio-8080-exec-3] path : /error, method: GET
2020-10-03 20:23:30,290 DEBUG c.n.n.f.TokenProvider [http-nio-8080-exec-3] username: administrator
2020-10-03 20:23:43,368 DEBUG c.n.n.f.JWTFilter [http-nio-8080-exec-2] path : /api/v1/authenticate, method: POST
2020-10-03 20:23:43,623 DEBUG c.n.n.d.i.UserInfoDAOImpl [http-nio-8080-exec-2] JDBC execute query : SELECT id, password FROM user_info WHERE id = ?
2020-10-03 20:23:43,712 DEBUG c.n.n.d.i.UserInfoDAOImpl [http-nio-8080-exec-2] Username: administrator
2020-10-03 20:23:59,488 DEBUG c.n.n.f.JWTFilter [http-nio-8080-exec-4] path : /api/v1/group-mail-receive/group-mail, method: GET
2020-10-03 20:23:59,491 DEBUG c.n.n.f.TokenProvider [http-nio-8080-exec-4] username: administrator
2020-10-03 20:23:59,492 DEBUG c.n.n.f.JWTFilter [http-nio-8080-exec-4] path : /error, method: GET
2020-10-03 20:23:59,494 DEBUG c.n.n.f.TokenProvider [http-nio-8080-exec-4] username: administrator
2020-10-03 20:24:23,826 DEBUG c.n.n.f.JWTFilter [http-nio-8080-exec-5] path : /api/v1/group-mail-receive/group-mail, method: GET
2020-10-03 20:24:23,828 DEBUG c.n.n.f.TokenProvider [http-nio-8080-exec-5] username: administrator
2020-10-03 20:24:23,830 DEBUG c.n.n.f.JWTFilter [http-nio-8080-exec-5] path : /error, method: GET
2020-10-03 20:24:23,832 DEBUG c.n.n.f.TokenProvider [http-nio-8080-exec-5] username: administrator
2020-10-03 20:24:57,474 DEBUG c.n.n.f.JWTFilter [http-nio-8080-exec-6] path : /api/v1/authenticate, method: POST
2020-10-03 20:24:57,664 DEBUG c.n.n.d.i.UserInfoDAOImpl [http-nio-8080-exec-6] JDBC execute query : SELECT id, password FROM user_info WHERE id = ?
2020-10-03 20:24:57,751 DEBUG c.n.n.d.i.UserInfoDAOImpl [http-nio-8080-exec-6] Username: administrator
2020-10-03 20:25:55,871 DEBUG c.n.n.f.JWTFilter [http-nio-8080-exec-7] path : /api/v1/mail-config/get-list-mail-config-pagination, method: POST
2020-10-03 20:25:55,875 DEBUG c.n.n.f.TokenProvider [http-nio-8080-exec-7] username: administrator
2020-10-03 20:25:56,780 DEBUG c.n.n.f.JWTFilter [http-nio-8080-exec-10] path : /api/v1/mail-config/get-list-mail-config-pagination, method: POST
2020-10-03 20:25:56,781 DEBUG c.n.n.f.TokenProvider [http-nio-8080-exec-10] username: administrator
2020-10-03 20:27:00,627 DEBUG c.n.n.f.JWTFilter [http-nio-8080-exec-1] path : /api/v1/mail-config/get-list-mail-config-pagination, method: POST
2020-10-03 20:27:00,630 DEBUG c.n.n.f.TokenProvider [http-nio-8080-exec-1] username: administrator
2020-10-03 20:27:22,822 DEBUG c.n.n.f.JWTFilter [http-nio-8080-exec-2] path : /api/v1/group-mail-receive/group-mail, method: GET
2020-10-03 20:27:22,823 INFO c.n.n.f.TokenProvider [http-nio-8080-exec-2] Invalid JWT token.
2020-10-03 20:27:22,824 DEBUG c.n.n.f.JWTFilter [http-nio-8080-exec-2] path : /error, method: GET
2020-10-03 20:27:22,825 INFO c.n.n.f.TokenProvider [http-nio-8080-exec-2] Invalid JWT token.
2020-10-03 20:27:43,303 DEBUG c.n.n.f.JWTFilter [http-nio-8080-exec-4] path : /api/v1/group-mail-receive/group-mail, method: GET
2020-10-03 20:27:43,305 INFO c.n.n.f.TokenProvider [http-nio-8080-exec-4] Invalid JWT token.
2020-10-03 20:27:43,306 DEBUG c.n.n.f.JWTFilter [http-nio-8080-exec-4] path : /error, method: GET
2020-10-03 20:27:43,307 INFO c.n.n.f.TokenProvider [http-nio-8080-exec-4] Invalid JWT token.
2020-10-03 20:27:59,901 DEBUG c.n.n.f.JWTFilter [http-nio-8080-exec-7] path : /api/v1/mail-config/get-list-mail-config-pagination, method: POST
2020-10-03 20:27:59,903 DEBUG c.n.n.f.TokenProvider [http-nio-8080-exec-7] username: administrator
2020-10-03 20:28:36,160 DEBUG c.n.n.f.JWTFilter [http-nio-8080-exec-10] path : /api/v1/group-mail-receive/group-mail, method: GET
2020-10-03 20:28:36,165 DEBUG c.n.n.f.TokenProvider [http-nio-8080-exec-10] username: administrator
2020-10-03 20:28:36,167 DEBUG c.n.n.f.JWTFilter [http-nio-8080-exec-10] path : /error, method: GET
2020-10-03 20:28:36,169 DEBUG c.n.n.f.TokenProvider [http-nio-8080-exec-10] username: administrator
2020-10-03 20:28:44,911 DEBUG c.n.n.f.JWTFilter [http-nio-8080-exec-9] path : /api/v1/authenticate, method: POST
2020-10-03 20:28:45,140 DEBUG c.n.n.d.i.UserInfoDAOImpl [http-nio-8080-exec-9] JDBC execute query : SELECT id, password FROM user_info WHERE id = ?
2020-10-03 20:28:45,224 DEBUG c.n.n.d.i.UserInfoDAOImpl [http-nio-8080-exec-9] Username: administrator
2020-10-03 20:29:21,090 DEBUG c.n.n.f.JWTFilter [http-nio-8080-exec-1] path : /api/v1/group-mail-receive/group-mail, method: GET
2020-10-03 20:29:21,093 DEBUG c.n.n.f.TokenProvider [http-nio-8080-exec-1] username: administrator
2020-10-03 20:29:21,095 DEBUG c.n.n.f.JWTFilter [http-nio-8080-exec-1] path : /error, method: GET
2020-10-03 20:29:21,098 DEBUG c.n.n.f.TokenProvider [http-nio-8080-exec-1] username: administrator
2020-10-03 20:29:34,808 DEBUG c.n.n.f.JWTFilter [http-nio-8080-exec-3] path : /api/v1/mail-config/get-list-mail-config-pagination, method: POST
2020-10-03 20:29:34,809 DEBUG c.n.n.f.TokenProvider [http-nio-8080-exec-3] username: administrator
2020-10-03 20:29:45,159 INFO c.n.n.NbdApiApplication [restartedMain] Starting NbdApiApplication on LAPTOP-9S5F1FQ9 with PID 16520 (D:\code\kttv\nbd-api\target\classes started by HP in D:\code\kttv\nbd-api)
2020-10-03 20:29:45,159 DEBUG c.n.n.NbdApiApplication [restartedMain] Running with Spring Boot v2.3.4.RELEASE, Spring v5.2.9.RELEASE
2020-10-03 20:29:45,159 INFO c.n.n.NbdApiApplication [restartedMain] The following profiles are active: local
2020-10-03 20:29:45,887 INFO c.n.n.NbdApiApplication [restartedMain] Started NbdApiApplication in 0.751 seconds (JVM running for 1716.952)
2020-10-03 20:29:51,336 DEBUG c.n.n.f.JWTFilter [http-nio-8080-exec-2] path : /api/v1/mail-config/get-list-mail-config-pagination, method: POST
2020-10-03 20:29:51,337 DEBUG c.n.n.f.TokenProvider [http-nio-8080-exec-2] username: administrator
2020-10-03 20:29:53,589 DEBUG c.n.n.f.JWTFilter [http-nio-8080-exec-4] path : /api/v1/group-mail-receive/group-mail, method: GET
2020-10-03 20:29:53,591 DEBUG c.n.n.f.TokenProvider [http-nio-8080-exec-4] username: administrator
2020-10-03 20:29:53,595 DEBUG c.n.n.f.JWTFilter [http-nio-8080-exec-4] path : /error, method: GET
2020-10-03 20:29:53,597 DEBUG c.n.n.f.TokenProvider [http-nio-8080-exec-4] username: administrator
2020-10-03 20:29:55,103 DEBUG c.n.n.f.JWTFilter [http-nio-8080-exec-5] path : /api/v1/group-mail-receive/group-mail, method: GET
2020-10-03 20:29:55,105 DEBUG c.n.n.f.TokenProvider [http-nio-8080-exec-5] username: administrator
2020-10-03 20:29:55,107 DEBUG c.n.n.f.JWTFilter [http-nio-8080-exec-5] path : /error, method: GET
2020-10-03 20:29:55,108 DEBUG c.n.n.f.TokenProvider [http-nio-8080-exec-5] username: administrator
2020-10-03 20:29:55,643 DEBUG c.n.n.f.JWTFilter [http-nio-8080-exec-6] path : /api/v1/group-mail-receive/group-mail, method: GET
2020-10-03 20:29:55,645 DEBUG c.n.n.f.TokenProvider [http-nio-8080-exec-6] username: administrator
2020-10-03 20:29:55,646 DEBUG c.n.n.f.JWTFilter [http-nio-8080-exec-6] path : /error, method: GET
2020-10-03 20:29:55,648 DEBUG c.n.n.f.TokenProvider [http-nio-8080-exec-6] username: administrator
2020-10-03 20:29:56,131 DEBUG c.n.n.f.JWTFilter [http-nio-8080-exec-7] path : /api/v1/group-mail-receive/group-mail, method: GET
2020-10-03 20:29:56,134 DEBUG c.n.n.f.TokenProvider [http-nio-8080-exec-7] username: administrator
2020-10-03 20:29:56,136 DEBUG c.n.n.f.JWTFilter [http-nio-8080-exec-7] path : /error, method: GET
2020-10-03 20:29:56,139 DEBUG c.n.n.f.TokenProvider [http-nio-8080-exec-7] username: administrator
2020-10-03 20:29:56,639 DEBUG c.n.n.f.JWTFilter [http-nio-8080-exec-8] path : /api/v1/group-mail-receive/group-mail, method: GET
2020-10-03 20:29:56,642 DEBUG c.n.n.f.TokenProvider [http-nio-8080-exec-8] username: administrator
2020-10-03 20:29:56,644 DEBUG c.n.n.f.JWTFilter [http-nio-8080-exec-8] path : /error, method: GET
2020-10-03 20:29:56,645 DEBUG c.n.n.f.TokenProvider [http-nio-8080-exec-8] username: administrator
2020-10-03 20:29:57,115 DEBUG c.n.n.f.JWTFilter [http-nio-8080-exec-9] path : /api/v1/group-mail-receive/group-mail, method: GET
2020-10-03 20:29:57,118 DEBUG c.n.n.f.TokenProvider [http-nio-8080-exec-9] username: administrator
2020-10-03 20:29:57,120 DEBUG c.n.n.f.JWTFilter [http-nio-8080-exec-9] path : /error, method: GET
2020-10-03 20:29:57,122 DEBUG c.n.n.f.TokenProvider [http-nio-8080-exec-9] username: administrator
2020-10-03 20:29:57,507 DEBUG c.n.n.f.JWTFilter [http-nio-8080-exec-10] path : /api/v1/group-mail-receive/group-mail, method: GET
2020-10-03 20:29:57,508 DEBUG c.n.n.f.TokenProvider [http-nio-8080-exec-10] username: administrator
2020-10-03 20:29:57,510 DEBUG c.n.n.f.JWTFilter [http-nio-8080-exec-10] path : /error, method: GET
2020-10-03 20:29:57,511 DEBUG c.n.n.f.TokenProvider [http-nio-8080-exec-10] username: administrator
2020-10-03 20:30:44,902 INFO c.n.n.NbdApiApplication [restartedMain] Starting NbdApiApplication on LAPTOP-9S5F1FQ9 with PID 6024 (D:\code\kttv\nbd-api\target\classes started by HP in D:\code\kttv\nbd-api)
2020-10-03 20:30:44,908 DEBUG c.n.n.NbdApiApplication [restartedMain] Running with Spring Boot v2.3.4.RELEASE, Spring v5.2.9.RELEASE
2020-10-03 20:30:44,909 INFO c.n.n.NbdApiApplication [restartedMain] The following profiles are active: local
2020-10-03 20:30:47,804 INFO c.n.n.NbdApiApplication [restartedMain] Started NbdApiApplication in 3.185 seconds (JVM running for 4.108)
2020-10-03 20:30:55,905 DEBUG c.n.n.f.JWTFilter [http-nio-8080-exec-2] path : /api/v1/mail-config/get-list-mail-config-pagination, method: POST
2020-10-03 20:30:55,966 DEBUG c.n.n.f.TokenProvider [http-nio-8080-exec-2] username: administrator
2020-10-03 20:31:25,307 DEBUG c.n.n.f.JWTFilter [http-nio-8080-exec-4] path : /api/v1/authenticate, method: POST
2020-10-03 20:31:25,693 DEBUG c.n.n.d.i.UserInfoDAOImpl [http-nio-8080-exec-4] JDBC execute query : SELECT id, password FROM user_info WHERE id = ?
2020-10-03 20:31:25,843 DEBUG c.n.n.d.i.UserInfoDAOImpl [http-nio-8080-exec-4] Username: administrator
2020-10-03 20:31:50,464 DEBUG c.n.n.f.JWTFilter [http-nio-8080-exec-5] path : /api/v1/group-mail-receive/group-mail, method: GET
2020-10-03 20:31:50,469 DEBUG c.n.n.f.TokenProvider [http-nio-8080-exec-5] username: administrator
2020-10-03 20:31:50,479 DEBUG c.n.n.f.JWTFilter [http-nio-8080-exec-5] path : /error, method: GET
2020-10-03 20:31:50,483 DEBUG c.n.n.f.TokenProvider [http-nio-8080-exec-5] username: administrator
2020-10-03 20:33:09,555 DEBUG c.n.n.f.JWTFilter [http-nio-8080-exec-8] path : /api/v1/group-mail-receive/group-mail, method: GET
2020-10-03 20:33:09,559 DEBUG c.n.n.f.TokenProvider [http-nio-8080-exec-8] username: administrator
2020-10-03 20:33:09,561 DEBUG c.n.n.f.JWTFilter [http-nio-8080-exec-8] path : /error, method: GET
2020-10-03 20:33:09,564 DEBUG c.n.n.f.TokenProvider [http-nio-8080-exec-8] username: administrator
2020-10-03 20:33:11,795 DEBUG c.n.n.f.JWTFilter [http-nio-8080-exec-10] path : /api/v1/group-mail-receive/group-mail, method: GET
2020-10-03 20:33:11,800 DEBUG c.n.n.f.TokenProvider [http-nio-8080-exec-10] username: administrator
2020-10-03 20:33:11,804 DEBUG c.n.n.f.JWTFilter [http-nio-8080-exec-10] path : /error, method: GET
2020-10-03 20:33:11,809 DEBUG c.n.n.f.TokenProvider [http-nio-8080-exec-10] username: administrator
2020-10-03 20:33:53,570 DEBUG c.n.n.f.JWTFilter [http-nio-8080-exec-9] path : /api/v1/mail-config/get-list-mail-config-pagination, method: POST
2020-10-03 20:33:53,576 DEBUG c.n.n.f.TokenProvider [http-nio-8080-exec-9] username: administrator
2020-10-03 20:34:10,484 DEBUG c.n.n.f.JWTFilter [http-nio-8080-exec-2] path : /api/v1/mail-config/get-list-mail-config-pagination, method: POST
2020-10-03 20:34:10,486 DEBUG c.n.n.f.TokenProvider [http-nio-8080-exec-2] username: administrator
2020-10-03 20:35:33,046 DEBUG c.n.n.f.JWTFilter [http-nio-8080-exec-4] path : /api/v1/group-mail-receive/group-mail, method: GET
2020-10-03 20:35:33,050 DEBUG c.n.n.f.TokenProvider [http-nio-8080-exec-4] username: administrator
2020-10-03 20:35:33,051 DEBUG c.n.n.f.JWTFilter [http-nio-8080-exec-4] path : /error, method: GET
2020-10-03 20:35:33,053 DEBUG c.n.n.f.TokenProvider [http-nio-8080-exec-4] username: administrator
2020-10-03 20:35:44,394 DEBUG c.n.n.f.JWTFilter [http-nio-8080-exec-5] path : /api/v1/mail-config/get-list-mail-config-pagination, method: POST
2020-10-03 20:35:44,398 DEBUG c.n.n.f.TokenProvider [http-nio-8080-exec-5] username: administrator
2020-10-03 20:36:39,063 DEBUG c.n.n.f.JWTFilter [http-nio-8080-exec-8] path : /api/v1/group-mail-receive/group-mail, method: GET
2020-10-03 20:36:39,066 INFO c.n.n.f.TokenProvider [http-nio-8080-exec-8] Invalid JWT token.
2020-10-03 20:36:39,067 DEBUG c.n.n.f.JWTFilter [http-nio-8080-exec-8] path : /error, method: GET
2020-10-03 20:36:39,068 INFO c.n.n.f.TokenProvider [http-nio-8080-exec-8] Invalid JWT token.
2020-10-03 20:36:49,915 DEBUG c.n.n.f.JWTFilter [http-nio-8080-exec-9] path : /api/v1/group-mail-receive/group-mail, method: GET
2020-10-03 20:36:49,917 DEBUG c.n.n.f.TokenProvider [http-nio-8080-exec-9] username: administrator
2020-10-03 20:36:49,919 DEBUG c.n.n.f.JWTFilter [http-nio-8080-exec-9] path : /error, method: GET
2020-10-03 20:36:49,922 DEBUG c.n.n.f.TokenProvider [http-nio-8080-exec-9] username: administrator
2020-10-03 20:37:43,765 DEBUG c.n.n.f.JWTFilter [http-nio-8080-exec-3] path : /api/v1/group-mail-receive/group-mail, method: GET
2020-10-03 20:37:43,766 DEBUG c.n.n.f.JWTFilter [http-nio-8080-exec-3] path : /error, method: GET
2020-10-03 20:38:05,365 INFO c.n.n.NbdApiApplication [restartedMain] Starting NbdApiApplication on LAPTOP-9S5F1FQ9 with PID 6024 (D:\code\kttv\nbd-api\target\classes started by HP in D:\code\kttv\nbd-api)
2020-10-03 20:38:05,365 DEBUG c.n.n.NbdApiApplication [restartedMain] Running with Spring Boot v2.3.4.RELEASE, Spring v5.2.9.RELEASE
2020-10-03 20:38:05,365 INFO c.n.n.NbdApiApplication [restartedMain] The following profiles are active: local
2020-10-03 20:38:06,198 INFO c.n.n.NbdApiApplication [restartedMain] Started NbdApiApplication in 0.861 seconds (JVM running for 442.501)
2020-10-03 20:38:12,173 INFO c.n.n.NbdApiApplication [restartedMain] Starting NbdApiApplication on LAPTOP-9S5F1FQ9 with PID 6024 (D:\code\kttv\nbd-api\target\classes started by HP in D:\code\kttv\nbd-api)
2020-10-03 20:38:12,174 DEBUG c.n.n.NbdApiApplication [restartedMain] Running with Spring Boot v2.3.4.RELEASE, Spring v5.2.9.RELEASE
2020-10-03 20:38:12,174 INFO c.n.n.NbdApiApplication [restartedMain] The following profiles are active: local
2020-10-03 20:38:12,933 INFO c.n.n.NbdApiApplication [restartedMain] Started NbdApiApplication in 0.786 seconds (JVM running for 449.238)
2020-10-03 20:38:18,075 DEBUG c.n.n.f.JWTFilter [http-nio-8080-exec-3] path : /api/v1/group-mail-receive/group-mail, method: GET
2020-10-03 20:38:18,078 DEBUG c.n.n.f.JWTFilter [http-nio-8080-exec-3] path : /error, method: GET
2020-10-03 20:38:37,480 DEBUG c.n.n.f.JWTFilter [http-nio-8080-exec-4] path : /api/v1/group-mail-receive/group-mail, method: GET
2020-10-03 20:38:37,484 DEBUG c.n.n.f.TokenProvider [http-nio-8080-exec-4] username: administrator
2020-10-03 20:38:37,486 DEBUG c.n.n.f.JWTFilter [http-nio-8080-exec-4] path : /error, method: GET
2020-10-03 20:38:37,489 DEBUG c.n.n.f.TokenProvider [http-nio-8080-exec-4] username: administrator
2020-10-03 20:38:38,694 DEBUG c.n.n.f.JWTFilter [http-nio-8080-exec-2] path : /api/v1/group-mail-receive/group-mail, method: GET
2020-10-03 20:38:38,696 DEBUG c.n.n.f.TokenProvider [http-nio-8080-exec-2] username: administrator
2020-10-03 20:38:38,698 DEBUG c.n.n.f.JWTFilter [http-nio-8080-exec-2] path : /error, method: GET
2020-10-03 20:38:38,701 DEBUG c.n.n.f.TokenProvider [http-nio-8080-exec-2] username: administrator
2020-10-03 20:38:39,230 DEBUG c.n.n.f.JWTFilter [http-nio-8080-exec-5] path : /api/v1/group-mail-receive/group-mail, method: GET
2020-10-03 20:38:39,232 DEBUG c.n.n.f.TokenProvider [http-nio-8080-exec-5] username: administrator
2020-10-03 20:38:39,235 DEBUG c.n.n.f.JWTFilter [http-nio-8080-exec-5] path : /error, method: GET
2020-10-03 20:38:39,236 DEBUG c.n.n.f.TokenProvider [http-nio-8080-exec-5] username: administrator
2020-10-03 20:38:39,584 DEBUG c.n.n.f.JWTFilter [http-nio-8080-exec-6] path : /api/v1/group-mail-receive/group-mail, method: GET
2020-10-03 20:38:39,586 DEBUG c.n.n.f.TokenProvider [http-nio-8080-exec-6] username: administrator
2020-10-03 20:38:39,588 DEBUG c.n.n.f.JWTFilter [http-nio-8080-exec-6] path : /error, method: GET
2020-10-03 20:38:39,589 DEBUG c.n.n.f.TokenProvider [http-nio-8080-exec-6] username: administrator
2020-10-03 20:41:03,908 DEBUG c.n.n.f.JWTFilter [http-nio-8080-exec-9] path : /api/v1/authenticate, method: POST
2020-10-03 20:41:04,193 DEBUG c.n.n.d.i.UserInfoDAOImpl [http-nio-8080-exec-9] JDBC execute query : SELECT id, password FROM user_info WHERE id = ?
2020-10-03 20:41:04,282 DEBUG c.n.n.d.i.UserInfoDAOImpl [http-nio-8080-exec-9] Username: administrator
2020-10-03 20:41:25,935 DEBUG c.n.n.f.JWTFilter [http-nio-8080-exec-10] path : /api/v1/group-mail-receive/group-mail, method: GET
2020-10-03 20:41:25,938 DEBUG c.n.n.f.TokenProvider [http-nio-8080-exec-10] username: administrator
2020-10-03 20:41:25,939 DEBUG c.n.n.f.JWTFilter [http-nio-8080-exec-10] path : /error, method: GET
2020-10-03 20:41:25,941 DEBUG c.n.n.f.TokenProvider [http-nio-8080-exec-10] username: administrator
2020-10-03 20:43:00,610 DEBUG c.n.n.f.JWTFilter [http-nio-8080-exec-4] path : /api/v1/mail-config/get-list-mail-config-pagination, method: POST
2020-10-03 20:43:00,615 DEBUG c.n.n.f.TokenProvider [http-nio-8080-exec-4] username: administrator
2020-10-03 20:43:52,905 DEBUG c.n.n.f.JWTFilter [http-nio-8080-exec-5] path : /api/v1/mail-config/get-list-mail-config-pagination, method: POST
2020-10-03 20:43:52,908 DEBUG c.n.n.f.TokenProvider [http-nio-8080-exec-5] username: administrator
2020-10-03 20:44:17,581 DEBUG c.n.n.f.JWTFilter [http-nio-8080-exec-8] path : /api/v1/mail-config/get-list-mail-config-pagination, method: POST
2020-10-03 20:44:17,584 DEBUG c.n.n.f.TokenProvider [http-nio-8080-exec-8] username: administrator
2020-10-03 20:44:58,270 DEBUG c.n.n.f.JWTFilter [http-nio-8080-exec-9] path : /api/v1/mail-config/get-list-mail-config-pagination, method: POST
2020-10-03 20:44:58,273 DEBUG c.n.n.f.TokenProvider [http-nio-8080-exec-9] username: administrator
2020-10-03 20:46:10,402 DEBUG c.n.n.f.JWTFilter [http-nio-8080-exec-3] path : /api/v1/mail-config/get-list-mail-config-pagination, method: POST
2020-10-03 20:46:10,405 DEBUG c.n.n.f.TokenProvider [http-nio-8080-exec-3] username: administrator
2020-10-03 20:47:02,103 DEBUG c.n.n.f.JWTFilter [http-nio-8080-exec-4] path : /api/v1/group-mail-receive/group-mail, method: GET
2020-10-03 20:47:02,108 DEBUG c.n.n.f.TokenProvider [http-nio-8080-exec-4] username: administrator
2020-10-03 20:47:02,110 DEBUG c.n.n.f.JWTFilter [http-nio-8080-exec-4] path : /error, method: GET
2020-10-03 20:47:02,112 DEBUG c.n.n.f.TokenProvider [http-nio-8080-exec-4] username: administrator
2020-10-03 20:48:12,794 DEBUG c.n.n.f.JWTFilter [http-nio-8080-exec-6] path : /api/v1/group-mail-receive/group-mail, method: GET
2020-10-03 20:48:12,795 DEBUG c.n.n.f.JWTFilter [http-nio-8080-exec-6] path : /error, method: GET
2020-10-03 20:48:31,674 DEBUG c.n.n.f.JWTFilter [http-nio-8080-exec-8] path : /api/v1/group-mail-receive/group-mailgggg, method: GET
2020-10-03 20:48:31,678 DEBUG c.n.n.f.TokenProvider [http-nio-8080-exec-8] username: administrator
2020-10-03 20:48:31,681 DEBUG c.n.n.f.JWTFilter [http-nio-8080-exec-8] path : /error, method: GET
2020-10-03 20:48:31,684 DEBUG c.n.n.f.TokenProvider [http-nio-8080-exec-8] username: administrator
2020-10-03 20:48:33,937 DEBUG c.n.n.f.JWTFilter [http-nio-8080-exec-7] path : /api/v1/group-mail-receive/group-mailgggg, method: GET
2020-10-03 20:48:33,939 DEBUG c.n.n.f.TokenProvider [http-nio-8080-exec-7] username: administrator
2020-10-03 20:48:33,941 DEBUG c.n.n.f.JWTFilter [http-nio-8080-exec-7] path : /error, method: GET
2020-10-03 20:48:33,943 DEBUG c.n.n.f.TokenProvider [http-nio-8080-exec-7] username: administrator
2020-10-03 20:48:37,047 DEBUG c.n.n.f.JWTFilter [http-nio-8080-exec-9] path : /api/v1/group-mail-receive/group-mailggggggggggggggggggggggggg, method: GET
2020-10-03 20:48:37,049 DEBUG c.n.n.f.TokenProvider [http-nio-8080-exec-9] username: administrator
2020-10-03 20:48:37,052 DEBUG c.n.n.f.JWTFilter [http-nio-8080-exec-9] path : /error, method: GET
2020-10-03 20:48:37,055 DEBUG c.n.n.f.TokenProvider [http-nio-8080-exec-9] username: administrator
2020-10-03 20:49:21,751 DEBUG c.n.n.f.JWTFilter [http-nio-8080-exec-10] path : /api/v1/group-mail-receive/group-mail, method: GET
2020-10-03 20:49:21,754 DEBUG c.n.n.f.TokenProvider [http-nio-8080-exec-10] username: administrator
2020-10-03 20:49:21,756 DEBUG c.n.n.f.JWTFilter [http-nio-8080-exec-10] path : /error, method: GET
2020-10-03 20:49:21,758 DEBUG c.n.n.f.TokenProvider [http-nio-8080-exec-10] username: administrator
2020-10-03 20:49:34,318 DEBUG c.n.n.f.JWTFilter [http-nio-8080-exec-1] path : /api/v1/group-mail-receive/group-mailddd%C4%91, method: GET
2020-10-03 20:49:34,321 DEBUG c.n.n.f.TokenProvider [http-nio-8080-exec-1] username: administrator
2020-10-03 20:49:34,323 DEBUG c.n.n.f.JWTFilter [http-nio-8080-exec-1] path : /error, method: GET
2020-10-03 20:49:34,326 DEBUG c.n.n.f.TokenProvider [http-nio-8080-exec-1] username: administrator
2020-10-03 20:49:41,825 DEBUG c.n.n.f.JWTFilter [http-nio-8080-exec-3] path : /api/v1/group-mail-receive/group-mailddd, method: GET
2020-10-03 20:49:41,827 DEBUG c.n.n.f.TokenProvider [http-nio-8080-exec-3] username: administrator
2020-10-03 20:49:41,829 DEBUG c.n.n.f.JWTFilter [http-nio-8080-exec-3] path : /error, method: GET
2020-10-03 20:49:41,832 DEBUG c.n.n.f.TokenProvider [http-nio-8080-exec-3] username: administrator
2020-10-03 20:50:18,820 DEBUG c.n.n.f.JWTFilter [http-nio-8080-exec-4] path : /api/v1/mail-config/get-list-mail-config-pagination/ssss, method: POST
2020-10-03 20:50:18,824 DEBUG c.n.n.f.TokenProvider [http-nio-8080-exec-4] username: administrator
2020-10-03 20:50:18,826 DEBUG c.n.n.f.JWTFilter [http-nio-8080-exec-4] path : /error, method: POST
2020-10-03 20:50:18,828 DEBUG c.n.n.f.TokenProvider [http-nio-8080-exec-4] username: administrator
2020-10-03 20:50:25,835 DEBUG c.n.n.f.JWTFilter [http-nio-8080-exec-2] path : /api/v1/mail-config/get-list-mail-config-pagination, method: POST
2020-10-03 20:50:25,836 DEBUG c.n.n.f.TokenProvider [http-nio-8080-exec-2] username: administrator
2020-10-03 20:52:44,991 DEBUG c.n.n.f.JWTFilter [http-nio-8080-exec-8] path : /api/v1/group-mail-receive/group-mail, method: GET
2020-10-03 20:52:44,996 DEBUG c.n.n.f.TokenProvider [http-nio-8080-exec-8] username: administrator
2020-10-03 20:52:44,998 DEBUG c.n.n.f.JWTFilter [http-nio-8080-exec-8] path : /error, method: GET
2020-10-03 20:52:45,000 DEBUG c.n.n.f.TokenProvider [http-nio-8080-exec-8] username: administrator
2020-10-03 20:52:48,161 DEBUG c.n.n.f.JWTFilter [http-nio-8080-exec-7] path : /api/v1/group-mail-receive/group-mail, method: GET
2020-10-03 20:52:48,163 DEBUG c.n.n.f.TokenProvider [http-nio-8080-exec-7] username: administrator
2020-10-03 20:52:48,165 DEBUG c.n.n.f.JWTFilter [http-nio-8080-exec-7] path : /error, method: GET
2020-10-03 20:52:48,168 DEBUG c.n.n.f.TokenProvider [http-nio-8080-exec-7] username: administrator
2020-10-03 20:53:28,705 DEBUG c.n.n.f.JWTFilter [http-nio-8080-exec-9] path : /api/v1/group-mail-receive/group-mail, method: GET
2020-10-03 20:53:28,709 DEBUG c.n.n.f.TokenProvider [http-nio-8080-exec-9] username: administrator
2020-10-03 20:53:28,711 DEBUG c.n.n.f.JWTFilter [http-nio-8080-exec-9] path : /error, method: GET
2020-10-03 20:53:28,713 DEBUG c.n.n.f.TokenProvider [http-nio-8080-exec-9] username: administrator
2020-10-03 20:53:46,640 INFO c.n.n.NbdApiApplication [restartedMain] Starting NbdApiApplication on LAPTOP-9S5F1FQ9 with PID 18228 (D:\code\kttv\nbd-api\target\classes started by HP in D:\code\kttv\nbd-api)
2020-10-03 20:53:46,645 DEBUG c.n.n.NbdApiApplication [restartedMain] Running with Spring Boot v2.3.4.RELEASE, Spring v5.2.9.RELEASE
2020-10-03 20:53:46,646 INFO c.n.n.NbdApiApplication [restartedMain] The following profiles are active: local
2020-10-03 20:53:49,454 INFO c.n.n.NbdApiApplication [restartedMain] Started NbdApiApplication in 3.099 seconds (JVM running for 3.988)
2020-10-03 20:54:01,890 DEBUG c.n.n.f.JWTFilter [http-nio-8080-exec-2] path : /api/v1/mail-config/get-list-mail-config-pagination, method: POST
2020-10-03 20:54:01,929 DEBUG c.n.n.f.TokenProvider [http-nio-8080-exec-2] username: administrator
2020-10-03 20:54:04,669 DEBUG c.n.n.f.JWTFilter [http-nio-8080-exec-1] path : /api/v1/group-mail-receive/group-mail, method: GET
2020-10-03 20:54:04,673 DEBUG c.n.n.f.TokenProvider [http-nio-8080-exec-1] username: administrator
2020-10-03 20:56:06,902 INFO c.n.n.NbdApiApplication [restartedMain] Starting NbdApiApplication on LAPTOP-9S5F1FQ9 with PID 18228 (D:\code\kttv\nbd-api\target\classes started by HP in D:\code\kttv\nbd-api)
2020-10-03 20:56:06,902 DEBUG c.n.n.NbdApiApplication [restartedMain] Running with Spring Boot v2.3.4.RELEASE, Spring v5.2.9.RELEASE
2020-10-03 20:56:06,902 INFO c.n.n.NbdApiApplication [restartedMain] The following profiles are active: local
2020-10-03 20:56:07,741 INFO c.n.n.NbdApiApplication [restartedMain] Started NbdApiApplication in 0.871 seconds (JVM running for 142.274)
2020-10-03 20:56:15,753 DEBUG c.n.n.f.JWTFilter [http-nio-8080-exec-2] path : /api/v1/group-mail-receive/group-mail, method: GET
2020-10-03 20:56:15,756 DEBUG c.n.n.f.TokenProvider [http-nio-8080-exec-2] username: administrator
2020-10-03 20:56:38,832 INFO c.n.n.NbdApiApplication [restartedMain] Starting NbdApiApplication on LAPTOP-9S5F1FQ9 with PID 18228 (D:\code\kttv\nbd-api\target\classes started by HP in D:\code\kttv\nbd-api)
2020-10-03 20:56:38,833 DEBUG c.n.n.NbdApiApplication [restartedMain] Running with Spring Boot v2.3.4.RELEASE, Spring v5.2.9.RELEASE
2020-10-03 20:56:38,833 INFO c.n.n.NbdApiApplication [restartedMain] The following profiles are active: local
2020-10-03 20:56:39,588 INFO c.n.n.NbdApiApplication [restartedMain] Started NbdApiApplication in 0.783 seconds (JVM running for 174.121)
2020-10-03 20:56:50,833 DEBUG c.n.n.f.JWTFilter [http-nio-8080-exec-3] path : /api/v1/group-mail-receive/group-mail, method: GET
2020-10-03 20:56:50,836 DEBUG c.n.n.f.TokenProvider [http-nio-8080-exec-3] username: administrator
2020-10-03 21:02:38,134 DEBUG c.n.n.f.JWTFilter [http-nio-8080-exec-5] path : /api/v1/group-mail-receive/group-mail, method: GET
2020-10-03 21:02:38,138 DEBUG c.n.n.f.TokenProvider [http-nio-8080-exec-5] username: administrator
2020-10-03 21:02:48,023 DEBUG c.n.n.f.JWTFilter [http-nio-8080-exec-6] path : /api/v1/group-mail-receive/group-mail, method: GET
2020-10-03 21:02:48,027 DEBUG c.n.n.f.TokenProvider [http-nio-8080-exec-6] username: administrator
2020-10-03 21:02:52,891 DEBUG c.n.n.f.JWTFilter [http-nio-8080-exec-7] path : /api/v1/group-mail-receive/group-mail, method: GET
2020-10-03 21:02:52,896 DEBUG c.n.n.f.TokenProvider [http-nio-8080-exec-7] username: administrator
2020-10-03 21:02:55,278 DEBUG c.n.n.f.JWTFilter [http-nio-8080-exec-9] path : /api/v1/group-mail-receive/group-mail, method: GET
2020-10-03 21:02:55,283 DEBUG c.n.n.f.TokenProvider [http-nio-8080-exec-9] username: administrator
2020-10-03 21:03:14,151 DEBUG c.n.n.f.JWTFilter [http-nio-8080-exec-2] path : /api/v1/group-mail-receive/group-mail, method: GET
2020-10-03 21:03:14,154 DEBUG c.n.n.f.TokenProvider [http-nio-8080-exec-2] username: administrator
2020-10-03 21:03:20,888 DEBUG c.n.n.f.JWTFilter [http-nio-8080-exec-3] path : /api/v1/group-mail-receive/group-mail, method: GET
2020-10-03 21:03:20,892 DEBUG c.n.n.f.TokenProvider [http-nio-8080-exec-3] username: administrator
2020-10-03 21:03:26,111 DEBUG c.n.n.f.JWTFilter [http-nio-8080-exec-1] path : /api/v1/group-mail-receive/group-mail, method: GET
2020-10-03 21:03:26,115 DEBUG c.n.n.f.TokenProvider [http-nio-8080-exec-1] username: administrator
2020-10-03 21:03:32,395 DEBUG c.n.n.f.JWTFilter [http-nio-8080-exec-4] path : /api/v1/group-mail-receive/group-mail, method: GET
2020-10-03 21:03:32,399 DEBUG c.n.n.f.TokenProvider [http-nio-8080-exec-4] username: administrator
2020-10-03 21:03:38,536 DEBUG c.n.n.f.JWTFilter [http-nio-8080-exec-5] path : /api/v1/group-mail-receive/group-mail, method: GET
2020-10-03 21:03:38,539 DEBUG c.n.n.f.TokenProvider [http-nio-8080-exec-5] username: administrator
